{"C:\\Users\\daich\\OneDrive\\gomoqt\\moq-web\\src\\announce_stream.ts": {"path":"C:\\Users\\daich\\OneDrive\\gomoqt\\moq-web\\src\\announce_stream.ts","statementMap":{"0":{"start":{"line":3,"column":0},"end":{"line":3,"column":44}},"1":{"start":{"line":4,"column":0},"end":{"line":4,"column":113}},"2":{"start":{"line":6,"column":0},"end":{"line":6,"column":39}},"3":{"start":{"line":8,"column":0},"end":{"line":8,"column":68}},"4":{"start":{"line":9,"column":0},"end":{"line":9,"column":57}},"5":{"start":{"line":11,"column":0},"end":{"line":11,"column":41}},"6":{"start":{"line":12,"column":0},"end":{"line":12,"column":35}},"7":{"start":{"line":13,"column":0},"end":{"line":13,"column":62}},"8":{"start":{"line":15,"column":0},"end":{"line":15,"column":80}},"9":{"start":{"line":23,"column":48},"end":{"line":23,"column":57}},"10":{"start":{"line":35,"column":8},"end":{"line":35,"column":30}},"11":{"start":{"line":36,"column":8},"end":{"line":36,"column":30}},"12":{"start":{"line":38,"column":8},"end":{"line":38,"column":54}},"13":{"start":{"line":41,"column":8},"end":{"line":41,"column":65}},"14":{"start":{"line":42,"column":8},"end":{"line":44,"column":11}},"15":{"start":{"line":43,"column":12},"end":{"line":43,"column":40}},"16":{"start":{"line":49,"column":8},"end":{"line":87,"column":9}},"17":{"start":{"line":50,"column":25},"end":{"line":50,"column":51}},"18":{"start":{"line":51,"column":27},"end":{"line":51,"column":50}},"19":{"start":{"line":53,"column":12},"end":{"line":55,"column":13}},"20":{"start":{"line":54,"column":16},"end":{"line":54,"column":91}},"21":{"start":{"line":57,"column":27},"end":{"line":57,"column":61}},"22":{"start":{"line":58,"column":24},"end":{"line":58,"column":55}},"23":{"start":{"line":59,"column":12},"end":{"line":86,"column":13}},"24":{"start":{"line":60,"column":16},"end":{"line":65,"column":17}},"25":{"start":{"line":61,"column":20},"end":{"line":61,"column":122}},"26":{"start":{"line":62,"column":23},"end":{"line":65,"column":17}},"27":{"start":{"line":64,"column":20},"end":{"line":64,"column":55}},"28":{"start":{"line":67,"column":16},"end":{"line":67,"column":62}},"29":{"start":{"line":69,"column":16},"end":{"line":77,"column":19}},"30":{"start":{"line":71,"column":20},"end":{"line":71,"column":55}},"31":{"start":{"line":72,"column":32},"end":{"line":72,"column":78}},"32":{"start":{"line":73,"column":32},"end":{"line":73,"column":62}},"33":{"start":{"line":74,"column":20},"end":{"line":76,"column":21}},"34":{"start":{"line":75,"column":24},"end":{"line":75,"column":35}},"35":{"start":{"line":79,"column":16},"end":{"line":81,"column":17}},"36":{"start":{"line":80,"column":20},"end":{"line":80,"column":129}},"37":{"start":{"line":84,"column":16},"end":{"line":84,"column":26}},"38":{"start":{"line":85,"column":16},"end":{"line":85,"column":51}},"39":{"start":{"line":89,"column":20},"end":{"line":91,"column":10}},"40":{"start":{"line":92,"column":20},"end":{"line":92,"column":50}},"41":{"start":{"line":93,"column":8},"end":{"line":95,"column":9}},"42":{"start":{"line":94,"column":12},"end":{"line":94,"column":23}},"43":{"start":{"line":97,"column":8},"end":{"line":102,"column":10}},"44":{"start":{"line":105,"column":8},"end":{"line":105,"column":30}},"45":{"start":{"line":106,"column":8},"end":{"line":106,"column":38}},"46":{"start":{"line":108,"column":8},"end":{"line":108,"column":25}},"47":{"start":{"line":112,"column":8},"end":{"line":112,"column":26}},"48":{"start":{"line":114,"column":21},"end":{"line":114,"column":47}},"49":{"start":{"line":115,"column":23},"end":{"line":115,"column":46}},"50":{"start":{"line":117,"column":8},"end":{"line":119,"column":9}},"51":{"start":{"line":118,"column":12},"end":{"line":118,"column":87}},"52":{"start":{"line":121,"column":23},"end":{"line":121,"column":57}},"53":{"start":{"line":122,"column":20},"end":{"line":122,"column":51}},"54":{"start":{"line":123,"column":8},"end":{"line":162,"column":9}},"55":{"start":{"line":124,"column":12},"end":{"line":129,"column":13}},"56":{"start":{"line":125,"column":16},"end":{"line":125,"column":104}},"57":{"start":{"line":126,"column":19},"end":{"line":129,"column":13}},"58":{"start":{"line":128,"column":16},"end":{"line":128,"column":51}},"59":{"start":{"line":131,"column":24},"end":{"line":131,"column":63}},"60":{"start":{"line":132,"column":22},"end":{"line":132,"column":52}},"61":{"start":{"line":133,"column":12},"end":{"line":135,"column":13}},"62":{"start":{"line":134,"column":16},"end":{"line":134,"column":27}},"63":{"start":{"line":137,"column":12},"end":{"line":142,"column":14}},"64":{"start":{"line":144,"column":12},"end":{"line":144,"column":58}},"65":{"start":{"line":146,"column":12},"end":{"line":153,"column":15}},"66":{"start":{"line":147,"column":16},"end":{"line":147,"column":51}},"67":{"start":{"line":148,"column":16},"end":{"line":148,"column":35}},"68":{"start":{"line":149,"column":16},"end":{"line":149,"column":53}},"69":{"start":{"line":150,"column":16},"end":{"line":152,"column":17}},"70":{"start":{"line":151,"column":20},"end":{"line":151,"column":31}},"71":{"start":{"line":155,"column":12},"end":{"line":157,"column":13}},"72":{"start":{"line":156,"column":16},"end":{"line":156,"column":124}},"73":{"start":{"line":160,"column":12},"end":{"line":160,"column":22}},"74":{"start":{"line":161,"column":12},"end":{"line":161,"column":47}},"75":{"start":{"line":166,"column":8},"end":{"line":166,"column":25}},"76":{"start":{"line":170,"column":8},"end":{"line":173,"column":9}},"77":{"start":{"line":172,"column":12},"end":{"line":172,"column":19}},"78":{"start":{"line":174,"column":8},"end":{"line":174,"column":36}},"79":{"start":{"line":175,"column":8},"end":{"line":175,"column":35}},"80":{"start":{"line":176,"column":8},"end":{"line":176,"column":36}},"81":{"start":{"line":177,"column":8},"end":{"line":177,"column":30}},"82":{"start":{"line":178,"column":8},"end":{"line":178,"column":38}},"83":{"start":{"line":182,"column":8},"end":{"line":185,"column":9}},"84":{"start":{"line":184,"column":12},"end":{"line":184,"column":19}},"85":{"start":{"line":187,"column":22},"end":{"line":187,"column":52}},"86":{"start":{"line":188,"column":8},"end":{"line":188,"column":32}},"87":{"start":{"line":189,"column":8},"end":{"line":189,"column":41}},"88":{"start":{"line":190,"column":8},"end":{"line":190,"column":41}},"89":{"start":{"line":191,"column":8},"end":{"line":191,"column":36}},"90":{"start":{"line":192,"column":8},"end":{"line":192,"column":30}},"91":{"start":{"line":193,"column":8},"end":{"line":193,"column":38}},"92":{"start":{"line":19,"column":0},"end":{"line":19,"column":13}},"93":{"start":{"line":201,"column":48},"end":{"line":201,"column":57}},"94":{"start":{"line":202,"column":34},"end":{"line":202,"column":45}},"95":{"start":{"line":205,"column":18},"end":{"line":205,"column":28}},"96":{"start":{"line":210,"column":8},"end":{"line":210,"column":30}},"97":{"start":{"line":211,"column":8},"end":{"line":211,"column":30}},"98":{"start":{"line":212,"column":23},"end":{"line":212,"column":44}},"99":{"start":{"line":213,"column":8},"end":{"line":215,"column":9}},"100":{"start":{"line":214,"column":12},"end":{"line":214,"column":79}},"101":{"start":{"line":216,"column":8},"end":{"line":216,"column":29}},"102":{"start":{"line":217,"column":8},"end":{"line":217,"column":65}},"103":{"start":{"line":220,"column":8},"end":{"line":225,"column":9}},"104":{"start":{"line":221,"column":25},"end":{"line":221,"column":63}},"105":{"start":{"line":222,"column":33},"end":{"line":222,"column":73}},"106":{"start":{"line":223,"column":12},"end":{"line":223,"column":58}},"107":{"start":{"line":224,"column":12},"end":{"line":224,"column":46}},"108":{"start":{"line":229,"column":8},"end":{"line":229,"column":47}},"109":{"start":{"line":229,"column":29},"end":{"line":229,"column":45}},"110":{"start":{"line":233,"column":20},"end":{"line":233,"column":53}},"111":{"start":{"line":235,"column":8},"end":{"line":261,"column":9}},"112":{"start":{"line":236,"column":33},"end":{"line":236,"column":60}},"113":{"start":{"line":237,"column":12},"end":{"line":239,"column":13}},"114":{"start":{"line":238,"column":16},"end":{"line":238,"column":75}},"115":{"start":{"line":241,"column":12},"end":{"line":243,"column":13}},"116":{"start":{"line":242,"column":16},"end":{"line":242,"column":49}},"117":{"start":{"line":245,"column":12},"end":{"line":247,"column":13}},"118":{"start":{"line":246,"column":16},"end":{"line":246,"column":46}},"119":{"start":{"line":253,"column":27},"end":{"line":256,"column":14}},"120":{"start":{"line":254,"column":38},"end":{"line":254,"column":72}},"121":{"start":{"line":258,"column":12},"end":{"line":260,"column":13}},"122":{"start":{"line":259,"column":16},"end":{"line":259,"column":43}},"123":{"start":{"line":265,"column":20},"end":{"line":265,"column":43}},"124":{"start":{"line":266,"column":8},"end":{"line":312,"column":11}},"125":{"start":{"line":267,"column":12},"end":{"line":270,"column":13}},"126":{"start":{"line":268,"column":16},"end":{"line":268,"column":90}},"127":{"start":{"line":269,"column":16},"end":{"line":269,"column":23}},"128":{"start":{"line":272,"column":12},"end":{"line":277,"column":14}},"129":{"start":{"line":279,"column":24},"end":{"line":279,"column":59}},"130":{"start":{"line":281,"column":12},"end":{"line":307,"column":13}},"131":{"start":{"line":282,"column":16},"end":{"line":290,"column":17}},"132":{"start":{"line":283,"column":20},"end":{"line":283,"column":109}},"133":{"start":{"line":285,"column":20},"end":{"line":285,"column":124}},"134":{"start":{"line":287,"column":20},"end":{"line":287,"column":27}},"135":{"start":{"line":288,"column":23},"end":{"line":290,"column":17}},"136":{"start":{"line":289,"column":20},"end":{"line":289,"column":59}},"137":{"start":{"line":292,"column":33},"end":{"line":292,"column":57}},"138":{"start":{"line":293,"column":37},"end":{"line":293,"column":104}},"139":{"start":{"line":294,"column":16},"end":{"line":294,"column":66}},"140":{"start":{"line":295,"column":16},"end":{"line":295,"column":50}},"141":{"start":{"line":297,"column":16},"end":{"line":303,"column":17}},"142":{"start":{"line":298,"column":20},"end":{"line":298,"column":115}},"143":{"start":{"line":300,"column":20},"end":{"line":300,"column":141}},"144":{"start":{"line":302,"column":20},"end":{"line":302,"column":27}},"145":{"start":{"line":305,"column":16},"end":{"line":305,"column":26}},"146":{"start":{"line":306,"column":16},"end":{"line":306,"column":55}},"147":{"start":{"line":309,"column":12},"end":{"line":309,"column":35}},"148":{"start":{"line":311,"column":12},"end":{"line":311,"column":51}},"149":{"start":{"line":311,"column":33},"end":{"line":311,"column":49}},"150":{"start":{"line":316,"column":8},"end":{"line":316,"column":25}},"151":{"start":{"line":320,"column":8},"end":{"line":323,"column":9}},"152":{"start":{"line":322,"column":12},"end":{"line":322,"column":19}},"153":{"start":{"line":325,"column":8},"end":{"line":325,"column":36}},"154":{"start":{"line":326,"column":8},"end":{"line":326,"column":35}},"155":{"start":{"line":327,"column":8},"end":{"line":327,"column":36}},"156":{"start":{"line":328,"column":8},"end":{"line":328,"column":28}},"157":{"start":{"line":332,"column":8},"end":{"line":335,"column":9}},"158":{"start":{"line":334,"column":12},"end":{"line":334,"column":19}},"159":{"start":{"line":336,"column":22},"end":{"line":336,"column":52}},"160":{"start":{"line":337,"column":8},"end":{"line":337,"column":41}},"161":{"start":{"line":338,"column":8},"end":{"line":338,"column":41}},"162":{"start":{"line":339,"column":8},"end":{"line":339,"column":36}},"163":{"start":{"line":340,"column":8},"end":{"line":340,"column":28}},"164":{"start":{"line":197,"column":0},"end":{"line":197,"column":13}},"165":{"start":{"line":350,"column":8},"end":{"line":350,"column":57}},"166":{"start":{"line":351,"column":20},"end":{"line":351,"column":54}},"167":{"start":{"line":352,"column":8},"end":{"line":352,"column":56}},"168":{"start":{"line":356,"column":8},"end":{"line":356,"column":27}},"169":{"start":{"line":360,"column":8},"end":{"line":360,"column":45}},"170":{"start":{"line":364,"column":8},"end":{"line":364,"column":32}},"171":{"start":{"line":344,"column":0},"end":{"line":344,"column":13}}},"fnMap":{"0":{"name":"(anonymous_0)","decl":{"start":{"line":29,"column":4},"end":{"line":29,"column":null}},"loc":{"start":{"line":33,"column":34},"end":{"line":45,"column":5}}},"1":{"name":"(anonymous_1)","decl":{"start":{"line":42,"column":40},"end":{"line":42,"column":41}},"loc":{"start":{"line":42,"column":52},"end":{"line":44,"column":9}}},"2":{"name":"(anonymous_2)","decl":{"start":{"line":47,"column":4},"end":{"line":47,"column":9}},"loc":{"start":{"line":47,"column":35},"end":{"line":109,"column":5}}},"3":{"name":"(anonymous_3)","decl":{"start":{"line":69,"column":42},"end":{"line":69,"column":47}},"loc":{"start":{"line":69,"column":52},"end":{"line":77,"column":17}}},"4":{"name":"(anonymous_4)","decl":{"start":{"line":111,"column":4},"end":{"line":111,"column":9}},"loc":{"start":{"line":111,"column":41},"end":{"line":163,"column":5}}},"5":{"name":"(anonymous_5)","decl":{"start":{"line":146,"column":38},"end":{"line":146,"column":43}},"loc":{"start":{"line":146,"column":49},"end":{"line":153,"column":13}}},"6":{"name":"(anonymous_6)","decl":{"start":{"line":165,"column":4},"end":{"line":165,"column":8}},"loc":{"start":{"line":165,"column":15},"end":{"line":167,"column":5}}},"7":{"name":"(anonymous_7)","decl":{"start":{"line":169,"column":4},"end":{"line":169,"column":9}},"loc":{"start":{"line":169,"column":15},"end":{"line":179,"column":5}}},"8":{"name":"(anonymous_8)","decl":{"start":{"line":181,"column":4},"end":{"line":181,"column":9}},"loc":{"start":{"line":181,"column":65},"end":{"line":194,"column":5}}},"9":{"name":"(anonymous_9)","decl":{"start":{"line":208,"column":4},"end":{"line":208,"column":16}},"loc":{"start":{"line":209,"column":71},"end":{"line":230,"column":5}}},"10":{"name":"(anonymous_10)","decl":{"start":{"line":229,"column":23},"end":{"line":229,"column":26}},"loc":{"start":{"line":229,"column":29},"end":{"line":229,"column":45}}},"11":{"name":"(anonymous_11)","decl":{"start":{"line":232,"column":4},"end":{"line":232,"column":9}},"loc":{"start":{"line":232,"column":39},"end":{"line":262,"column":5}}},"12":{"name":"(anonymous_12)","decl":{"start":{"line":254,"column":32},"end":{"line":254,"column":35}},"loc":{"start":{"line":254,"column":38},"end":{"line":254,"column":72}}},"13":{"name":"(anonymous_13)","decl":{"start":{"line":266,"column":38},"end":{"line":266,"column":43}},"loc":{"start":{"line":266,"column":52},"end":{"line":312,"column":9}}},"14":{"name":"(anonymous_14)","decl":{"start":{"line":311,"column":27},"end":{"line":311,"column":30}},"loc":{"start":{"line":311,"column":33},"end":{"line":311,"column":49}}},"15":{"name":"(anonymous_15)","decl":{"start":{"line":315,"column":4},"end":{"line":315,"column":8}},"loc":{"start":{"line":315,"column":15},"end":{"line":317,"column":5}}},"16":{"name":"(anonymous_16)","decl":{"start":{"line":319,"column":4},"end":{"line":319,"column":9}},"loc":{"start":{"line":319,"column":15},"end":{"line":329,"column":5}}},"17":{"name":"(anonymous_17)","decl":{"start":{"line":331,"column":4},"end":{"line":331,"column":9}},"loc":{"start":{"line":331,"column":65},"end":{"line":341,"column":5}}},"18":{"name":"(anonymous_18)","decl":{"start":{"line":349,"column":4},"end":{"line":349,"column":16}},"loc":{"start":{"line":349,"column":52},"end":{"line":353,"column":5}}},"19":{"name":"(anonymous_19)","decl":{"start":{"line":355,"column":4},"end":{"line":355,"column":7}},"loc":{"start":{"line":355,"column":7},"end":{"line":357,"column":5}}},"20":{"name":"(anonymous_20)","decl":{"start":{"line":359,"column":4},"end":{"line":359,"column":12}},"loc":{"start":{"line":359,"column":12},"end":{"line":361,"column":5}}},"21":{"name":"(anonymous_21)","decl":{"start":{"line":363,"column":4},"end":{"line":363,"column":9}},"loc":{"start":{"line":363,"column":9},"end":{"line":365,"column":5}}}},"branchMap":{"0":{"loc":{"start":{"line":53,"column":12},"end":{"line":55,"column":13}},"type":"if","locations":[{"start":{"line":53,"column":12},"end":{"line":55,"column":13}},{"start":{},"end":{}}]},"1":{"loc":{"start":{"line":59,"column":12},"end":{"line":86,"column":13}},"type":"if","locations":[{"start":{"line":59,"column":12},"end":{"line":86,"column":13}},{"start":{"line":78,"column":19},"end":{"line":86,"column":13}}]},"2":{"loc":{"start":{"line":60,"column":16},"end":{"line":65,"column":17}},"type":"if","locations":[{"start":{"line":60,"column":16},"end":{"line":65,"column":17}},{"start":{"line":62,"column":23},"end":{"line":65,"column":17}}]},"3":{"loc":{"start":{"line":60,"column":20},"end":{"line":60,"column":41}},"type":"binary-expr","locations":[{"start":{"line":60,"column":20},"end":{"line":60,"column":23}},{"start":{"line":60,"column":27},"end":{"line":60,"column":41}}]},"4":{"loc":{"start":{"line":62,"column":23},"end":{"line":65,"column":17}},"type":"if","locations":[{"start":{"line":62,"column":23},"end":{"line":65,"column":17}},{"start":{},"end":{}}]},"5":{"loc":{"start":{"line":62,"column":27},"end":{"line":62,"column":49}},"type":"binary-expr","locations":[{"start":{"line":62,"column":27},"end":{"line":62,"column":30}},{"start":{"line":62,"column":34},"end":{"line":62,"column":49}}]},"6":{"loc":{"start":{"line":74,"column":20},"end":{"line":76,"column":21}},"type":"if","locations":[{"start":{"line":74,"column":20},"end":{"line":76,"column":21}},{"start":{},"end":{}}]},"7":{"loc":{"start":{"line":79,"column":16},"end":{"line":81,"column":17}},"type":"if","locations":[{"start":{"line":79,"column":16},"end":{"line":81,"column":17}},{"start":{},"end":{}}]},"8":{"loc":{"start":{"line":79,"column":20},"end":{"line":79,"column":52}},"type":"binary-expr","locations":[{"start":{"line":79,"column":20},"end":{"line":79,"column":24}},{"start":{"line":79,"column":29},"end":{"line":79,"column":32}},{"start":{"line":79,"column":36},"end":{"line":79,"column":51}}]},"9":{"loc":{"start":{"line":93,"column":8},"end":{"line":95,"column":9}},"type":"if","locations":[{"start":{"line":93,"column":8},"end":{"line":95,"column":9}},{"start":{},"end":{}}]},"10":{"loc":{"start":{"line":117,"column":8},"end":{"line":119,"column":9}},"type":"if","locations":[{"start":{"line":117,"column":8},"end":{"line":119,"column":9}},{"start":{},"end":{}}]},"11":{"loc":{"start":{"line":123,"column":8},"end":{"line":162,"column":9}},"type":"if","locations":[{"start":{"line":123,"column":8},"end":{"line":162,"column":9}},{"start":{"line":154,"column":15},"end":{"line":162,"column":9}}]},"12":{"loc":{"start":{"line":124,"column":12},"end":{"line":129,"column":13}},"type":"if","locations":[{"start":{"line":124,"column":12},"end":{"line":129,"column":13}},{"start":{"line":126,"column":19},"end":{"line":129,"column":13}}]},"13":{"loc":{"start":{"line":124,"column":16},"end":{"line":124,"column":37}},"type":"binary-expr","locations":[{"start":{"line":124,"column":16},"end":{"line":124,"column":19}},{"start":{"line":124,"column":23},"end":{"line":124,"column":37}}]},"14":{"loc":{"start":{"line":126,"column":19},"end":{"line":129,"column":13}},"type":"if","locations":[{"start":{"line":126,"column":19},"end":{"line":129,"column":13}},{"start":{},"end":{}}]},"15":{"loc":{"start":{"line":126,"column":23},"end":{"line":126,"column":45}},"type":"binary-expr","locations":[{"start":{"line":126,"column":23},"end":{"line":126,"column":26}},{"start":{"line":126,"column":30},"end":{"line":126,"column":45}}]},"16":{"loc":{"start":{"line":133,"column":12},"end":{"line":135,"column":13}},"type":"if","locations":[{"start":{"line":133,"column":12},"end":{"line":135,"column":13}},{"start":{},"end":{}}]},"17":{"loc":{"start":{"line":150,"column":16},"end":{"line":152,"column":17}},"type":"if","locations":[{"start":{"line":150,"column":16},"end":{"line":152,"column":17}},{"start":{},"end":{}}]},"18":{"loc":{"start":{"line":155,"column":12},"end":{"line":157,"column":13}},"type":"if","locations":[{"start":{"line":155,"column":12},"end":{"line":157,"column":13}},{"start":{},"end":{}}]},"19":{"loc":{"start":{"line":155,"column":16},"end":{"line":155,"column":48}},"type":"binary-expr","locations":[{"start":{"line":155,"column":16},"end":{"line":155,"column":20}},{"start":{"line":155,"column":25},"end":{"line":155,"column":28}},{"start":{"line":155,"column":32},"end":{"line":155,"column":47}}]},"20":{"loc":{"start":{"line":170,"column":8},"end":{"line":173,"column":9}},"type":"if","locations":[{"start":{"line":170,"column":8},"end":{"line":173,"column":9}},{"start":{},"end":{}}]},"21":{"loc":{"start":{"line":182,"column":8},"end":{"line":185,"column":9}},"type":"if","locations":[{"start":{"line":182,"column":8},"end":{"line":185,"column":9}},{"start":{},"end":{}}]},"22":{"loc":{"start":{"line":213,"column":8},"end":{"line":215,"column":9}},"type":"if","locations":[{"start":{"line":213,"column":8},"end":{"line":215,"column":9}},{"start":{},"end":{}}]},"23":{"loc":{"start":{"line":237,"column":12},"end":{"line":239,"column":13}},"type":"if","locations":[{"start":{"line":237,"column":12},"end":{"line":239,"column":13}},{"start":{},"end":{}}]},"24":{"loc":{"start":{"line":241,"column":12},"end":{"line":243,"column":13}},"type":"if","locations":[{"start":{"line":241,"column":12},"end":{"line":243,"column":13}},{"start":{},"end":{}}]},"25":{"loc":{"start":{"line":241,"column":16},"end":{"line":241,"column":55}},"type":"binary-expr","locations":[{"start":{"line":241,"column":16},"end":{"line":241,"column":28}},{"start":{"line":241,"column":32},"end":{"line":241,"column":55}}]},"26":{"loc":{"start":{"line":245,"column":12},"end":{"line":247,"column":13}},"type":"if","locations":[{"start":{"line":245,"column":12},"end":{"line":247,"column":13}},{"start":{},"end":{}}]},"27":{"loc":{"start":{"line":254,"column":38},"end":{"line":254,"column":72}},"type":"binary-expr","locations":[{"start":{"line":254,"column":38},"end":{"line":254,"column":47}},{"start":{"line":254,"column":51},"end":{"line":254,"column":72}}]},"28":{"loc":{"start":{"line":258,"column":12},"end":{"line":260,"column":13}},"type":"if","locations":[{"start":{"line":258,"column":12},"end":{"line":260,"column":13}},{"start":{},"end":{}}]},"29":{"loc":{"start":{"line":267,"column":12},"end":{"line":270,"column":13}},"type":"if","locations":[{"start":{"line":267,"column":12},"end":{"line":270,"column":13}},{"start":{},"end":{}}]},"30":{"loc":{"start":{"line":281,"column":12},"end":{"line":307,"column":13}},"type":"if","locations":[{"start":{"line":281,"column":12},"end":{"line":307,"column":13}},{"start":{"line":296,"column":19},"end":{"line":307,"column":13}}]},"31":{"loc":{"start":{"line":282,"column":16},"end":{"line":290,"column":17}},"type":"if","locations":[{"start":{"line":282,"column":16},"end":{"line":290,"column":17}},{"start":{"line":288,"column":23},"end":{"line":290,"column":17}}]},"32":{"loc":{"start":{"line":282,"column":20},"end":{"line":282,"column":41}},"type":"binary-expr","locations":[{"start":{"line":282,"column":20},"end":{"line":282,"column":23}},{"start":{"line":282,"column":27},"end":{"line":282,"column":41}}]},"33":{"loc":{"start":{"line":288,"column":23},"end":{"line":290,"column":17}},"type":"if","locations":[{"start":{"line":288,"column":23},"end":{"line":290,"column":17}},{"start":{},"end":{}}]},"34":{"loc":{"start":{"line":288,"column":27},"end":{"line":288,"column":49}},"type":"binary-expr","locations":[{"start":{"line":288,"column":27},"end":{"line":288,"column":30}},{"start":{"line":288,"column":34},"end":{"line":288,"column":49}}]},"35":{"loc":{"start":{"line":297,"column":16},"end":{"line":303,"column":17}},"type":"if","locations":[{"start":{"line":297,"column":16},"end":{"line":303,"column":17}},{"start":{},"end":{}}]},"36":{"loc":{"start":{"line":297,"column":20},"end":{"line":297,"column":52}},"type":"binary-expr","locations":[{"start":{"line":297,"column":20},"end":{"line":297,"column":24}},{"start":{"line":297,"column":29},"end":{"line":297,"column":32}},{"start":{"line":297,"column":36},"end":{"line":297,"column":51}}]},"37":{"loc":{"start":{"line":320,"column":8},"end":{"line":323,"column":9}},"type":"if","locations":[{"start":{"line":320,"column":8},"end":{"line":323,"column":9}},{"start":{},"end":{}}]},"38":{"loc":{"start":{"line":332,"column":8},"end":{"line":335,"column":9}},"type":"if","locations":[{"start":{"line":332,"column":8},"end":{"line":335,"column":9}},{"start":{},"end":{}}]}},"s":{"0":3,"1":3,"2":3,"3":3,"4":3,"5":3,"6":3,"7":3,"8":3,"9":7,"10":7,"11":7,"12":7,"13":6,"14":6,"15":6,"16":3,"17":0,"18":0,"19":0,"20":0,"21":0,"22":0,"23":0,"24":0,"25":0,"26":0,"27":0,"28":0,"29":0,"30":0,"31":0,"32":0,"33":0,"34":0,"35":0,"36":0,"37":0,"38":0,"39":3,"40":3,"41":3,"42":0,"43":3,"44":3,"45":3,"46":3,"47":3,"48":3,"49":3,"50":3,"51":1,"52":2,"53":2,"54":2,"55":2,"56":0,"57":2,"58":0,"59":2,"60":2,"61":2,"62":1,"63":1,"64":1,"65":1,"66":1,"67":1,"68":1,"69":1,"70":0,"71":0,"72":0,"73":0,"74":0,"75":4,"76":0,"77":0,"78":0,"79":0,"80":0,"81":0,"82":0,"83":0,"84":0,"85":0,"86":0,"87":0,"88":0,"89":0,"90":0,"91":0,"92":3,"93":1,"94":1,"95":1,"96":1,"97":1,"98":1,"99":1,"100":0,"101":1,"102":1,"103":1,"104":2,"105":2,"106":2,"107":2,"108":1,"109":1,"110":0,"111":0,"112":0,"113":0,"114":0,"115":0,"116":0,"117":0,"118":0,"119":0,"120":0,"121":0,"122":0,"123":1,"124":1,"125":0,"126":0,"127":0,"128":0,"129":0,"130":0,"131":0,"132":0,"133":0,"134":0,"135":0,"136":0,"137":0,"138":0,"139":0,"140":0,"141":0,"142":0,"143":0,"144":0,"145":0,"146":0,"147":0,"148":0,"149":0,"150":0,"151":0,"152":0,"153":0,"154":0,"155":0,"156":0,"157":0,"158":0,"159":0,"160":0,"161":0,"162":0,"163":0,"164":3,"165":20,"166":19,"167":19,"168":2,"169":7,"170":12,"171":3},"f":{"0":7,"1":6,"2":3,"3":0,"4":3,"5":1,"6":4,"7":0,"8":0,"9":1,"10":1,"11":0,"12":0,"13":0,"14":0,"15":0,"16":0,"17":0,"18":20,"19":2,"20":7,"21":12},"b":{"0":[0,0],"1":[0,0],"2":[0,0],"3":[0,0],"4":[0,0],"5":[0,0],"6":[0,0],"7":[0,0],"8":[0,0,0],"9":[0,3],"10":[1,2],"11":[2,0],"12":[0,2],"13":[2,0],"14":[0,2],"15":[2,0],"16":[1,1],"17":[0,1],"18":[0,0],"19":[0,0,0],"20":[0,0],"21":[0,0],"22":[0,1],"23":[0,0],"24":[0,0],"25":[0,0],"26":[0,0],"27":[0,0],"28":[0,0],"29":[0,0],"30":[0,0],"31":[0,0],"32":[0,0],"33":[0,0],"34":[0,0],"35":[0,0],"36":[0,0,0],"37":[0,0],"38":[0,0]}}
,"C:\\Users\\daich\\OneDrive\\gomoqt\\moq-web\\src\\broadcast_path.ts": {"path":"C:\\Users\\daich\\OneDrive\\gomoqt\\moq-web\\src\\broadcast_path.ts","statementMap":{"0":{"start":{"line":17,"column":0},"end":{"line":17,"column":16}},"1":{"start":{"line":27,"column":0},"end":{"line":27,"column":16}},"2":{"start":{"line":43,"column":0},"end":{"line":43,"column":16}},"3":{"start":{"line":18,"column":4},"end":{"line":18,"column":52}},"4":{"start":{"line":28,"column":4},"end":{"line":30,"column":5}},"5":{"start":{"line":29,"column":8},"end":{"line":29,"column":82}},"6":{"start":{"line":31,"column":4},"end":{"line":31,"column":33}},"7":{"start":{"line":44,"column":20},"end":{"line":44,"column":41}},"8":{"start":{"line":45,"column":22},"end":{"line":45,"column":43}},"9":{"start":{"line":48,"column":4},"end":{"line":50,"column":5}},"10":{"start":{"line":49,"column":8},"end":{"line":49,"column":18}},"11":{"start":{"line":53,"column":4},"end":{"line":55,"column":5}},"12":{"start":{"line":54,"column":8},"end":{"line":54,"column":18}},"13":{"start":{"line":57,"column":4},"end":{"line":57,"column":35}}},"fnMap":{"0":{"name":"isValidBroadcastPath","decl":{"start":{"line":17,"column":16},"end":{"line":17,"column":36}},"loc":{"start":{"line":17,"column":49},"end":{"line":19,"column":1}}},"1":{"name":"validateBroadcastPath","decl":{"start":{"line":27,"column":16},"end":{"line":27,"column":37}},"loc":{"start":{"line":27,"column":50},"end":{"line":32,"column":1}}},"2":{"name":"extension","decl":{"start":{"line":43,"column":16},"end":{"line":43,"column":25}},"loc":{"start":{"line":43,"column":45},"end":{"line":58,"column":1}}}},"branchMap":{"0":{"loc":{"start":{"line":18,"column":11},"end":{"line":18,"column":51}},"type":"binary-expr","locations":[{"start":{"line":18,"column":11},"end":{"line":18,"column":31}},{"start":{"line":18,"column":35},"end":{"line":18,"column":51}}]},"1":{"loc":{"start":{"line":28,"column":4},"end":{"line":30,"column":5}},"type":"if","locations":[{"start":{"line":28,"column":4},"end":{"line":30,"column":5}},{"start":{},"end":{}}]},"2":{"loc":{"start":{"line":48,"column":4},"end":{"line":50,"column":5}},"type":"if","locations":[{"start":{"line":48,"column":4},"end":{"line":50,"column":5}},{"start":{},"end":{}}]},"3":{"loc":{"start":{"line":48,"column":8},"end":{"line":48,"column":45}},"type":"binary-expr","locations":[{"start":{"line":48,"column":8},"end":{"line":48,"column":22}},{"start":{"line":48,"column":26},"end":{"line":48,"column":45}}]},"4":{"loc":{"start":{"line":53,"column":4},"end":{"line":55,"column":5}},"type":"if","locations":[{"start":{"line":53,"column":4},"end":{"line":55,"column":5}},{"start":{},"end":{}}]}},"s":{"0":4,"1":4,"2":4,"3":42,"4":32,"5":5,"6":27,"7":14,"8":14,"9":14,"10":5,"11":9,"12":1,"13":8},"f":{"0":42,"1":32,"2":14},"b":{"0":[42,33],"1":[5,27],"2":[5,9],"3":[14,10],"4":[1,8]}}
,"C:\\Users\\daich\\OneDrive\\gomoqt\\moq-web\\src\\client.ts": {"path":"C:\\Users\\daich\\OneDrive\\gomoqt\\moq-web\\src\\client.ts","statementMap":{"0":{"start":{"line":1,"column":0},"end":{"line":1,"column":36}},"1":{"start":{"line":4,"column":0},"end":{"line":4,"column":56}},"2":{"start":{"line":6,"column":56},"end":{"line":10,"column":2}},"3":{"start":{"line":12,"column":38},"end":{"line":17,"column":2}},"4":{"start":{"line":20,"column":30},"end":{"line":20,"column":39}},"5":{"start":{"line":25,"column":8},"end":{"line":25,"column":31}},"6":{"start":{"line":26,"column":8},"end":{"line":26,"column":42}},"7":{"start":{"line":30,"column":26},"end":{"line":30,"column":71}},"8":{"start":{"line":31,"column":24},"end":{"line":31,"column":87}},"9":{"start":{"line":32,"column":8},"end":{"line":32,"column":28}},"10":{"start":{"line":33,"column":8},"end":{"line":33,"column":36}},"11":{"start":{"line":34,"column":8},"end":{"line":34,"column":23}},"12":{"start":{"line":38,"column":8},"end":{"line":40,"column":9}},"13":{"start":{"line":39,"column":12},"end":{"line":39,"column":28}},"14":{"start":{"line":42,"column":8},"end":{"line":42,"column":35}},"15":{"start":{"line":46,"column":8},"end":{"line":48,"column":9}},"16":{"start":{"line":47,"column":12},"end":{"line":47,"column":28}},"17":{"start":{"line":50,"column":8},"end":{"line":50,"column":35}},"18":{"start":{"line":19,"column":0},"end":{"line":19,"column":13}},"19":{"start":{"line":54,"column":13},"end":{"line":54,"column":26}}},"fnMap":{"0":{"name":"(anonymous_0)","decl":{"start":{"line":24,"column":4},"end":{"line":24,"column":16}},"loc":{"start":{"line":24,"column":71},"end":{"line":27,"column":5}}},"1":{"name":"(anonymous_1)","decl":{"start":{"line":29,"column":4},"end":{"line":29,"column":9}},"loc":{"start":{"line":29,"column":65},"end":{"line":35,"column":5}}},"2":{"name":"(anonymous_2)","decl":{"start":{"line":37,"column":4},"end":{"line":37,"column":9}},"loc":{"start":{"line":37,"column":9},"end":{"line":43,"column":5}}},"3":{"name":"(anonymous_3)","decl":{"start":{"line":45,"column":4},"end":{"line":45,"column":9}},"loc":{"start":{"line":45,"column":9},"end":{"line":51,"column":5}}}},"branchMap":{"0":{"loc":{"start":{"line":24,"column":16},"end":{"line":24,"column":55}},"type":"default-arg","locations":[{"start":{"line":24,"column":38},"end":{"line":24,"column":55}}]},"1":{"loc":{"start":{"line":26,"column":20},"end":{"line":26,"column":41}},"type":"binary-expr","locations":[{"start":{"line":26,"column":20},"end":{"line":26,"column":23}},{"start":{"line":26,"column":27},"end":{"line":26,"column":41}}]},"2":{"loc":{"start":{"line":29,"column":34},"end":{"line":29,"column":65}},"type":"default-arg","locations":[{"start":{"line":29,"column":50},"end":{"line":29,"column":65}}]}},"s":{"0":3,"1":3,"2":3,"3":3,"4":20,"5":20,"6":20,"7":16,"8":16,"9":16,"10":15,"11":15,"12":3,"13":4,"14":3,"15":2,"16":2,"17":2,"18":3,"19":3},"f":{"0":20,"1":16,"2":3,"3":2},"b":{"0":[19],"1":[20,19],"2":[15]}}
,"C:\\Users\\daich\\OneDrive\\gomoqt\\moq-web\\src\\error.ts": {"path":"C:\\Users\\daich\\OneDrive\\gomoqt\\moq-web\\src\\error.ts","statementMap":{"0":{"start":{"line":4,"column":13},"end":{"line":4,"column":65}},"1":{"start":{"line":5,"column":13},"end":{"line":5,"column":66}},"2":{"start":{"line":6,"column":13},"end":{"line":6,"column":69}},"3":{"start":{"line":7,"column":13},"end":{"line":7,"column":60}},"4":{"start":{"line":8,"column":13},"end":{"line":8,"column":60}},"5":{"start":{"line":9,"column":13},"end":{"line":9,"column":61}},"6":{"start":{"line":14,"column":13},"end":{"line":14,"column":67}},"7":{"start":{"line":15,"column":13},"end":{"line":15,"column":62}},"8":{"start":{"line":16,"column":13},"end":{"line":16,"column":70}},"9":{"start":{"line":17,"column":13},"end":{"line":17,"column":63}},"10":{"start":{"line":18,"column":13},"end":{"line":18,"column":71}},"11":{"start":{"line":19,"column":13},"end":{"line":19,"column":66}},"12":{"start":{"line":24,"column":13},"end":{"line":24,"column":59}},"13":{"start":{"line":26,"column":13},"end":{"line":26,"column":56}},"14":{"start":{"line":27,"column":13},"end":{"line":27,"column":58}},"15":{"start":{"line":28,"column":13},"end":{"line":28,"column":63}},"16":{"start":{"line":29,"column":13},"end":{"line":29,"column":60}},"17":{"start":{"line":30,"column":13},"end":{"line":30,"column":64}},"18":{"start":{"line":31,"column":13},"end":{"line":31,"column":64}}},"fnMap":{},"branchMap":{},"s":{"0":5,"1":5,"2":5,"3":5,"4":5,"5":5,"6":5,"7":5,"8":5,"9":5,"10":5,"11":5,"12":5,"13":5,"14":5,"15":5,"16":5,"17":5,"18":5},"f":{},"b":{}}
,"C:\\Users\\daich\\OneDrive\\gomoqt\\moq-web\\src\\frame.ts": {"path":"C:\\Users\\daich\\OneDrive\\gomoqt\\moq-web\\src\\frame.ts","statementMap":{"0":{"start":{"line":7,"column":8},"end":{"line":7,"column":27}},"1":{"start":{"line":11,"column":8},"end":{"line":11,"column":37}},"2":{"start":{"line":15,"column":8},"end":{"line":21,"column":9}},"3":{"start":{"line":16,"column":12},"end":{"line":16,"column":33}},"4":{"start":{"line":17,"column":15},"end":{"line":21,"column":9}},"5":{"start":{"line":18,"column":12},"end":{"line":18,"column":49}},"6":{"start":{"line":20,"column":12},"end":{"line":20,"column":60}},"7":{"start":{"line":25,"column":8},"end":{"line":28,"column":9}},"8":{"start":{"line":26,"column":12},"end":{"line":26,"column":35}},"9":{"start":{"line":27,"column":12},"end":{"line":27,"column":72}},"10":{"start":{"line":29,"column":8},"end":{"line":29,"column":45}},"11":{"start":{"line":33,"column":8},"end":{"line":35,"column":9}},"12":{"start":{"line":34,"column":12},"end":{"line":34,"column":56}},"13":{"start":{"line":36,"column":8},"end":{"line":36,"column":31}},"14":{"start":{"line":3,"column":0},"end":{"line":3,"column":13}}},"fnMap":{"0":{"name":"(anonymous_0)","decl":{"start":{"line":6,"column":4},"end":{"line":6,"column":16}},"loc":{"start":{"line":6,"column":33},"end":{"line":8,"column":5}}},"1":{"name":"(anonymous_1)","decl":{"start":{"line":10,"column":4},"end":{"line":10,"column":8}},"loc":{"start":{"line":10,"column":18},"end":{"line":12,"column":5}}},"2":{"name":"(anonymous_2)","decl":{"start":{"line":14,"column":4},"end":{"line":14,"column":10}},"loc":{"start":{"line":14,"column":40},"end":{"line":22,"column":5}}},"3":{"name":"(anonymous_3)","decl":{"start":{"line":24,"column":4},"end":{"line":24,"column":9}},"loc":{"start":{"line":24,"column":46},"end":{"line":30,"column":5}}},"4":{"name":"(anonymous_4)","decl":{"start":{"line":32,"column":4},"end":{"line":32,"column":12}},"loc":{"start":{"line":32,"column":24},"end":{"line":37,"column":5}}}},"branchMap":{"0":{"loc":{"start":{"line":15,"column":8},"end":{"line":21,"column":9}},"type":"if","locations":[{"start":{"line":15,"column":8},"end":{"line":21,"column":9}},{"start":{"line":17,"column":15},"end":{"line":21,"column":9}}]},"1":{"loc":{"start":{"line":17,"column":15},"end":{"line":21,"column":9}},"type":"if","locations":[{"start":{"line":17,"column":15},"end":{"line":21,"column":9}},{"start":{"line":19,"column":15},"end":{"line":21,"column":9}}]},"2":{"loc":{"start":{"line":25,"column":8},"end":{"line":28,"column":9}},"type":"if","locations":[{"start":{"line":25,"column":8},"end":{"line":28,"column":9}},{"start":{},"end":{}}]},"3":{"loc":{"start":{"line":25,"column":12},"end":{"line":25,"column":64}},"type":"binary-expr","locations":[{"start":{"line":25,"column":12},"end":{"line":25,"column":18}},{"start":{"line":25,"column":22},"end":{"line":25,"column":64}}]},"4":{"loc":{"start":{"line":33,"column":8},"end":{"line":35,"column":9}},"type":"if","locations":[{"start":{"line":33,"column":8},"end":{"line":35,"column":9}},{"start":{},"end":{}}]}},"s":{"0":9,"1":2,"2":4,"3":2,"4":2,"5":1,"6":1,"7":0,"8":0,"9":0,"10":0,"11":1,"12":0,"13":1,"14":5},"f":{"0":9,"1":2,"2":4,"3":0,"4":1},"b":{"0":[2,2],"1":[1,1],"2":[0,0],"3":[0,0],"4":[0,1]}}
,"C:\\Users\\daich\\OneDrive\\gomoqt\\moq-web\\src\\group_stream.ts": {"path":"C:\\Users\\daich\\OneDrive\\gomoqt\\moq-web\\src\\group_stream.ts","statementMap":{"0":{"start":{"line":2,"column":0},"end":{"line":2,"column":53}},"1":{"start":{"line":5,"column":0},"end":{"line":5,"column":41}},"2":{"start":{"line":7,"column":0},"end":{"line":7,"column":32}},"3":{"start":{"line":9,"column":0},"end":{"line":9,"column":77}},"4":{"start":{"line":18,"column":8},"end":{"line":18,"column":28}},"5":{"start":{"line":19,"column":8},"end":{"line":19,"column":30}},"6":{"start":{"line":20,"column":8},"end":{"line":20,"column":66}},"7":{"start":{"line":22,"column":8},"end":{"line":24,"column":11}},"8":{"start":{"line":23,"column":12},"end":{"line":23,"column":72}},"9":{"start":{"line":28,"column":8},"end":{"line":28,"column":36}},"10":{"start":{"line":32,"column":8},"end":{"line":36,"column":9}},"11":{"start":{"line":33,"column":12},"end":{"line":33,"column":52}},"12":{"start":{"line":35,"column":12},"end":{"line":35,"column":39}},"13":{"start":{"line":37,"column":20},"end":{"line":37,"column":46}},"14":{"start":{"line":38,"column":8},"end":{"line":40,"column":9}},"15":{"start":{"line":39,"column":12},"end":{"line":39,"column":23}},"16":{"start":{"line":42,"column":8},"end":{"line":42,"column":25}},"17":{"start":{"line":46,"column":8},"end":{"line":48,"column":9}},"18":{"start":{"line":47,"column":12},"end":{"line":47,"column":19}},"19":{"start":{"line":49,"column":8},"end":{"line":49,"column":36}},"20":{"start":{"line":50,"column":8},"end":{"line":50,"column":35}},"21":{"start":{"line":54,"column":8},"end":{"line":57,"column":9}},"22":{"start":{"line":56,"column":12},"end":{"line":56,"column":19}},"23":{"start":{"line":58,"column":22},"end":{"line":58,"column":52}},"24":{"start":{"line":59,"column":8},"end":{"line":59,"column":32}},"25":{"start":{"line":60,"column":8},"end":{"line":60,"column":41}},"26":{"start":{"line":64,"column":8},"end":{"line":64,"column":25}},"27":{"start":{"line":11,"column":0},"end":{"line":11,"column":13}},"28":{"start":{"line":76,"column":8},"end":{"line":76,"column":28}},"29":{"start":{"line":77,"column":8},"end":{"line":77,"column":30}},"30":{"start":{"line":78,"column":8},"end":{"line":78,"column":66}},"31":{"start":{"line":80,"column":8},"end":{"line":82,"column":11}},"32":{"start":{"line":81,"column":12},"end":{"line":81,"column":69}},"33":{"start":{"line":86,"column":8},"end":{"line":86,"column":36}},"34":{"start":{"line":92,"column":8},"end":{"line":92,"column":53}},"35":{"start":{"line":93,"column":8},"end":{"line":95,"column":9}},"36":{"start":{"line":94,"column":12},"end":{"line":94,"column":36}},"37":{"start":{"line":97,"column":8},"end":{"line":99,"column":9}},"38":{"start":{"line":98,"column":12},"end":{"line":98,"column":62}},"39":{"start":{"line":101,"column":8},"end":{"line":106,"column":9}},"40":{"start":{"line":102,"column":32},"end":{"line":102,"column":66}},"41":{"start":{"line":103,"column":24},"end":{"line":103,"column":54}},"42":{"start":{"line":105,"column":12},"end":{"line":105,"column":57}},"43":{"start":{"line":108,"column":8},"end":{"line":108,"column":63}},"44":{"start":{"line":109,"column":8},"end":{"line":111,"column":9}},"45":{"start":{"line":110,"column":12},"end":{"line":110,"column":36}},"46":{"start":{"line":113,"column":8},"end":{"line":113,"column":40}},"47":{"start":{"line":117,"column":8},"end":{"line":120,"column":9}},"48":{"start":{"line":119,"column":12},"end":{"line":119,"column":19}},"49":{"start":{"line":121,"column":23},"end":{"line":121,"column":53}},"50":{"start":{"line":122,"column":8},"end":{"line":122,"column":33}},"51":{"start":{"line":123,"column":8},"end":{"line":123,"column":42}},"52":{"start":{"line":127,"column":8},"end":{"line":127,"column":25}},"53":{"start":{"line":68,"column":0},"end":{"line":68,"column":13}}},"fnMap":{"0":{"name":"(anonymous_0)","decl":{"start":{"line":17,"column":4},"end":{"line":17,"column":16}},"loc":{"start":{"line":17,"column":70},"end":{"line":25,"column":5}}},"1":{"name":"(anonymous_1)","decl":{"start":{"line":22,"column":29},"end":{"line":22,"column":31}},"loc":{"start":{"line":22,"column":33},"end":{"line":24,"column":9}}},"2":{"name":"(anonymous_2)","decl":{"start":{"line":27,"column":4},"end":{"line":27,"column":8}},"loc":{"start":{"line":27,"column":21},"end":{"line":29,"column":5}}},"3":{"name":"(anonymous_3)","decl":{"start":{"line":31,"column":4},"end":{"line":31,"column":9}},"loc":{"start":{"line":31,"column":40},"end":{"line":43,"column":5}}},"4":{"name":"(anonymous_4)","decl":{"start":{"line":45,"column":4},"end":{"line":45,"column":9}},"loc":{"start":{"line":45,"column":15},"end":{"line":51,"column":5}}},"5":{"name":"(anonymous_5)","decl":{"start":{"line":53,"column":4},"end":{"line":53,"column":9}},"loc":{"start":{"line":53,"column":54},"end":{"line":61,"column":5}}},"6":{"name":"(anonymous_6)","decl":{"start":{"line":63,"column":4},"end":{"line":63,"column":8}},"loc":{"start":{"line":63,"column":15},"end":{"line":65,"column":5}}},"7":{"name":"(anonymous_7)","decl":{"start":{"line":75,"column":4},"end":{"line":75,"column":16}},"loc":{"start":{"line":75,"column":70},"end":{"line":83,"column":5}}},"8":{"name":"(anonymous_8)","decl":{"start":{"line":80,"column":29},"end":{"line":80,"column":31}},"loc":{"start":{"line":80,"column":33},"end":{"line":82,"column":9}}},"9":{"name":"(anonymous_9)","decl":{"start":{"line":85,"column":4},"end":{"line":85,"column":8}},"loc":{"start":{"line":85,"column":21},"end":{"line":87,"column":5}}},"10":{"name":"(anonymous_10)","decl":{"start":{"line":89,"column":4},"end":{"line":89,"column":9}},"loc":{"start":{"line":89,"column":19},"end":{"line":114,"column":5}}},"11":{"name":"(anonymous_11)","decl":{"start":{"line":116,"column":4},"end":{"line":116,"column":9}},"loc":{"start":{"line":116,"column":54},"end":{"line":124,"column":5}}},"12":{"name":"(anonymous_12)","decl":{"start":{"line":126,"column":4},"end":{"line":126,"column":8}},"loc":{"start":{"line":126,"column":15},"end":{"line":128,"column":5}}}},"branchMap":{"0":{"loc":{"start":{"line":32,"column":8},"end":{"line":36,"column":9}},"type":"if","locations":[{"start":{"line":32,"column":8},"end":{"line":36,"column":9}},{"start":{"line":34,"column":15},"end":{"line":36,"column":9}}]},"1":{"loc":{"start":{"line":38,"column":8},"end":{"line":40,"column":9}},"type":"if","locations":[{"start":{"line":38,"column":8},"end":{"line":40,"column":9}},{"start":{},"end":{}}]},"2":{"loc":{"start":{"line":46,"column":8},"end":{"line":48,"column":9}},"type":"if","locations":[{"start":{"line":46,"column":8},"end":{"line":48,"column":9}},{"start":{},"end":{}}]},"3":{"loc":{"start":{"line":54,"column":8},"end":{"line":57,"column":9}},"type":"if","locations":[{"start":{"line":54,"column":8},"end":{"line":57,"column":9}},{"start":{},"end":{}}]},"4":{"loc":{"start":{"line":93,"column":8},"end":{"line":95,"column":9}},"type":"if","locations":[{"start":{"line":93,"column":8},"end":{"line":95,"column":9}},{"start":{},"end":{}}]},"5":{"loc":{"start":{"line":97,"column":8},"end":{"line":99,"column":9}},"type":"if","locations":[{"start":{"line":97,"column":8},"end":{"line":99,"column":9}},{"start":{},"end":{}}]},"6":{"loc":{"start":{"line":101,"column":8},"end":{"line":106,"column":9}},"type":"if","locations":[{"start":{"line":101,"column":8},"end":{"line":106,"column":9}},{"start":{},"end":{}}]},"7":{"loc":{"start":{"line":101,"column":12},"end":{"line":101,"column":62}},"type":"binary-expr","locations":[{"start":{"line":101,"column":12},"end":{"line":101,"column":24}},{"start":{"line":101,"column":28},"end":{"line":101,"column":62}}]},"8":{"loc":{"start":{"line":102,"column":32},"end":{"line":102,"column":66}},"type":"binary-expr","locations":[{"start":{"line":102,"column":32},"end":{"line":102,"column":61}},{"start":{"line":102,"column":65},"end":{"line":102,"column":66}}]},"9":{"loc":{"start":{"line":109,"column":8},"end":{"line":111,"column":9}},"type":"if","locations":[{"start":{"line":109,"column":8},"end":{"line":111,"column":9}},{"start":{},"end":{}}]},"10":{"loc":{"start":{"line":117,"column":8},"end":{"line":120,"column":9}},"type":"if","locations":[{"start":{"line":117,"column":8},"end":{"line":120,"column":9}},{"start":{},"end":{}}]}},"s":{"0":4,"1":4,"2":4,"3":4,"4":10,"5":10,"6":10,"7":10,"8":7,"9":2,"10":2,"11":2,"12":0,"13":2,"14":2,"15":1,"16":1,"17":1,"18":0,"19":1,"20":1,"21":8,"22":0,"23":8,"24":8,"25":8,"26":0,"27":4,"28":6,"29":6,"30":6,"31":6,"32":5,"33":2,"34":2,"35":2,"36":1,"37":1,"38":0,"39":1,"40":1,"41":1,"42":1,"43":1,"44":1,"45":0,"46":1,"47":6,"48":0,"49":6,"50":6,"51":6,"52":0,"53":4},"f":{"0":10,"1":7,"2":2,"3":2,"4":1,"5":8,"6":0,"7":6,"8":5,"9":2,"10":2,"11":6,"12":0},"b":{"0":[2,0],"1":[1,1],"2":[0,1],"3":[0,8],"4":[1,1],"5":[0,1],"6":[1,0],"7":[1,0],"8":[1,1],"9":[0,1],"10":[0,6]}}
,"C:\\Users\\daich\\OneDrive\\gomoqt\\moq-web\\src\\session.ts": {"path":"C:\\Users\\daich\\OneDrive\\gomoqt\\moq-web\\src\\session.ts","statementMap":{"0":{"start":{"line":1,"column":0},"end":{"line":1,"column":38}},"1":{"start":{"line":3,"column":0},"end":{"line":3,"column":167}},"2":{"start":{"line":4,"column":0},"end":{"line":4,"column":38}},"3":{"start":{"line":5,"column":0},"end":{"line":5,"column":51}},"4":{"start":{"line":6,"column":0},"end":{"line":6,"column":49}},"5":{"start":{"line":7,"column":0},"end":{"line":7,"column":61}},"6":{"start":{"line":9,"column":0},"end":{"line":9,"column":75}},"7":{"start":{"line":11,"column":0},"end":{"line":11,"column":81}},"8":{"start":{"line":14,"column":0},"end":{"line":14,"column":51}},"9":{"start":{"line":17,"column":0},"end":{"line":17,"column":46}},"10":{"start":{"line":18,"column":0},"end":{"line":18,"column":62}},"11":{"start":{"line":19,"column":0},"end":{"line":19,"column":41}},"12":{"start":{"line":29,"column":31},"end":{"line":29,"column":33}},"13":{"start":{"line":33,"column":80},"end":{"line":33,"column":89}},"14":{"start":{"line":41,"column":2},"end":{"line":41,"column":20}},"15":{"start":{"line":42,"column":2},"end":{"line":42,"column":17}},"16":{"start":{"line":43,"column":2},"end":{"line":100,"column":5}},"17":{"start":{"line":44,"column":18},"end":{"line":44,"column":56}},"18":{"start":{"line":45,"column":18},"end":{"line":45,"column":45}},"19":{"start":{"line":46,"column":18},"end":{"line":46,"column":45}},"20":{"start":{"line":49,"column":3},"end":{"line":49,"column":54}},"21":{"start":{"line":50,"column":13},"end":{"line":50,"column":33}},"22":{"start":{"line":51,"column":3},"end":{"line":54,"column":4}},"23":{"start":{"line":52,"column":4},"end":{"line":52,"column":50}},"24":{"start":{"line":53,"column":4},"end":{"line":53,"column":14}},"25":{"start":{"line":57,"column":15},"end":{"line":57,"column":65}},"26":{"start":{"line":58,"column":3},"end":{"line":58,"column":34}},"27":{"start":{"line":59,"column":3},"end":{"line":61,"column":4}},"28":{"start":{"line":60,"column":4},"end":{"line":60,"column":14}},"29":{"start":{"line":63,"column":3},"end":{"line":67,"column":5}},"30":{"start":{"line":70,"column":15},"end":{"line":70,"column":43}},"31":{"start":{"line":71,"column":3},"end":{"line":71,"column":34}},"32":{"start":{"line":72,"column":3},"end":{"line":74,"column":4}},"33":{"start":{"line":73,"column":4},"end":{"line":73,"column":14}},"34":{"start":{"line":76,"column":3},"end":{"line":80,"column":5}},"35":{"start":{"line":83,"column":3},"end":{"line":85,"column":4}},"36":{"start":{"line":84,"column":4},"end":{"line":84,"column":68}},"37":{"start":{"line":87,"column":19},"end":{"line":87,"column":57}},"38":{"start":{"line":89,"column":3},"end":{"line":89,"column":78}},"39":{"start":{"line":91,"column":3},"end":{"line":91,"column":43}},"40":{"start":{"line":93,"column":3},"end":{"line":93,"column":10}},"41":{"start":{"line":95,"column":3},"end":{"line":95,"column":27}},"42":{"start":{"line":96,"column":3},"end":{"line":96,"column":28}},"43":{"start":{"line":98,"column":3},"end":{"line":98,"column":22}},"44":{"start":{"line":99,"column":3},"end":{"line":99,"column":15}},"45":{"start":{"line":104,"column":2},"end":{"line":104,"column":38}},"46":{"start":{"line":108,"column":17},"end":{"line":108,"column":61}},"47":{"start":{"line":109,"column":17},"end":{"line":109,"column":44}},"48":{"start":{"line":110,"column":17},"end":{"line":110,"column":44}},"49":{"start":{"line":113,"column":2},"end":{"line":113,"column":54}},"50":{"start":{"line":114,"column":12},"end":{"line":114,"column":32}},"51":{"start":{"line":115,"column":2},"end":{"line":117,"column":3}},"52":{"start":{"line":116,"column":3},"end":{"line":116,"column":27}},"53":{"start":{"line":120,"column":14},"end":{"line":120,"column":51}},"54":{"start":{"line":121,"column":2},"end":{"line":121,"column":33}},"55":{"start":{"line":122,"column":2},"end":{"line":124,"column":3}},"56":{"start":{"line":123,"column":3},"end":{"line":123,"column":27}},"57":{"start":{"line":126,"column":2},"end":{"line":130,"column":null}},"58":{"start":{"line":133,"column":14},"end":{"line":133,"column":41}},"59":{"start":{"line":134,"column":2},"end":{"line":134,"column":33}},"60":{"start":{"line":135,"column":2},"end":{"line":137,"column":3}},"61":{"start":{"line":136,"column":3},"end":{"line":136,"column":27}},"62":{"start":{"line":139,"column":2},"end":{"line":144,"column":null}},"63":{"start":{"line":146,"column":2},"end":{"line":146,"column":82}},"64":{"start":{"line":150,"column":17},"end":{"line":150,"column":61}},"65":{"start":{"line":151,"column":17},"end":{"line":151,"column":44}},"66":{"start":{"line":152,"column":17},"end":{"line":152,"column":44}},"67":{"start":{"line":155,"column":2},"end":{"line":155,"column":55}},"68":{"start":{"line":156,"column":12},"end":{"line":156,"column":32}},"69":{"start":{"line":157,"column":2},"end":{"line":159,"column":3}},"70":{"start":{"line":158,"column":3},"end":{"line":158,"column":27}},"71":{"start":{"line":162,"column":14},"end":{"line":169,"column":4}},"72":{"start":{"line":170,"column":2},"end":{"line":170,"column":33}},"73":{"start":{"line":171,"column":2},"end":{"line":173,"column":3}},"74":{"start":{"line":172,"column":3},"end":{"line":172,"column":27}},"75":{"start":{"line":175,"column":2},"end":{"line":179,"column":null}},"76":{"start":{"line":181,"column":14},"end":{"line":181,"column":40}},"77":{"start":{"line":182,"column":2},"end":{"line":182,"column":33}},"78":{"start":{"line":183,"column":2},"end":{"line":185,"column":3}},"79":{"start":{"line":184,"column":3},"end":{"line":184,"column":27}},"80":{"start":{"line":187,"column":2},"end":{"line":192,"column":null}},"81":{"start":{"line":194,"column":26},"end":{"line":194,"column":86}},"82":{"start":{"line":196,"column":16},"end":{"line":196,"column":51}},"83":{"start":{"line":199,"column":2},"end":{"line":201,"column":5}},"84":{"start":{"line":200,"column":3},"end":{"line":200,"column":32}},"85":{"start":{"line":203,"column":16},"end":{"line":206,"column":null}},"86":{"start":{"line":206,"column":10},"end":{"line":206,"column":53}},"87":{"start":{"line":209,"column":2},"end":{"line":209,"column":28}},"88":{"start":{"line":213,"column":14},"end":{"line":213,"column":34}},"89":{"start":{"line":214,"column":14},"end":{"line":214,"column":38}},"90":{"start":{"line":215,"column":2},"end":{"line":218,"column":3}},"91":{"start":{"line":216,"column":3},"end":{"line":216,"column":56}},"92":{"start":{"line":217,"column":3},"end":{"line":217,"column":10}},"93":{"start":{"line":220,"column":2},"end":{"line":224,"column":null}},"94":{"start":{"line":226,"column":22},"end":{"line":226,"column":61}},"95":{"start":{"line":227,"column":2},"end":{"line":230,"column":3}},"96":{"start":{"line":228,"column":3},"end":{"line":228,"column":78}},"97":{"start":{"line":229,"column":3},"end":{"line":229,"column":10}},"98":{"start":{"line":232,"column":2},"end":{"line":232,"column":27}},"99":{"start":{"line":236,"column":14},"end":{"line":236,"column":38}},"100":{"start":{"line":237,"column":17},"end":{"line":237,"column":41}},"101":{"start":{"line":238,"column":2},"end":{"line":241,"column":3}},"102":{"start":{"line":239,"column":3},"end":{"line":239,"column":63}},"103":{"start":{"line":240,"column":3},"end":{"line":240,"column":10}},"104":{"start":{"line":243,"column":2},"end":{"line":247,"column":4}},"105":{"start":{"line":249,"column":26},"end":{"line":249,"column":84}},"106":{"start":{"line":251,"column":28},"end":{"line":259,"column":9}},"107":{"start":{"line":252,"column":3},"end":{"line":258,"column":4}},"108":{"start":{"line":253,"column":19},"end":{"line":253,"column":76}},"109":{"start":{"line":254,"column":4},"end":{"line":254,"column":31}},"110":{"start":{"line":256,"column":4},"end":{"line":256,"column":66}},"111":{"start":{"line":257,"column":4},"end":{"line":257,"column":84}},"112":{"start":{"line":262,"column":22},"end":{"line":265,"column":null}},"113":{"start":{"line":268,"column":2},"end":{"line":268,"column":35}},"114":{"start":{"line":272,"column":14},"end":{"line":272,"column":43}},"115":{"start":{"line":273,"column":14},"end":{"line":273,"column":38}},"116":{"start":{"line":274,"column":2},"end":{"line":277,"column":3}},"117":{"start":{"line":275,"column":3},"end":{"line":275,"column":65}},"118":{"start":{"line":276,"column":3},"end":{"line":276,"column":10}},"119":{"start":{"line":279,"column":2},"end":{"line":283,"column":4}},"120":{"start":{"line":285,"column":17},"end":{"line":285,"column":71}},"121":{"start":{"line":287,"column":2},"end":{"line":287,"column":52}},"122":{"start":{"line":291,"column":20},"end":{"line":291,"column":71}},"123":{"start":{"line":296,"column":2},"end":{"line":323,"column":3}},"124":{"start":{"line":297,"column":25},"end":{"line":297,"column":47}},"125":{"start":{"line":299,"column":3},"end":{"line":302,"column":4}},"126":{"start":{"line":300,"column":4},"end":{"line":300,"column":49}},"127":{"start":{"line":301,"column":4},"end":{"line":301,"column":10}},"128":{"start":{"line":303,"column":18},"end":{"line":303,"column":58}},"129":{"start":{"line":304,"column":18},"end":{"line":304,"column":45}},"130":{"start":{"line":305,"column":18},"end":{"line":305,"column":45}},"131":{"start":{"line":306,"column":3},"end":{"line":306,"column":41}},"132":{"start":{"line":307,"column":3},"end":{"line":310,"column":4}},"133":{"start":{"line":308,"column":4},"end":{"line":308,"column":68}},"134":{"start":{"line":309,"column":4},"end":{"line":309,"column":13}},"135":{"start":{"line":312,"column":3},"end":{"line":322,"column":4}},"136":{"start":{"line":314,"column":5},"end":{"line":314,"column":49}},"137":{"start":{"line":315,"column":5},"end":{"line":315,"column":11}},"138":{"start":{"line":317,"column":5},"end":{"line":317,"column":48}},"139":{"start":{"line":318,"column":5},"end":{"line":318,"column":11}},"140":{"start":{"line":320,"column":5},"end":{"line":320,"column":63}},"141":{"start":{"line":321,"column":5},"end":{"line":321,"column":11}},"142":{"start":{"line":327,"column":21},"end":{"line":327,"column":73}},"143":{"start":{"line":328,"column":2},"end":{"line":353,"column":3}},"144":{"start":{"line":329,"column":25},"end":{"line":329,"column":48}},"145":{"start":{"line":331,"column":3},"end":{"line":334,"column":4}},"146":{"start":{"line":332,"column":4},"end":{"line":332,"column":50}},"147":{"start":{"line":333,"column":4},"end":{"line":333,"column":10}},"148":{"start":{"line":335,"column":20},"end":{"line":335,"column":72}},"149":{"start":{"line":336,"column":18},"end":{"line":336,"column":38}},"150":{"start":{"line":339,"column":22},"end":{"line":339,"column":46}},"151":{"start":{"line":340,"column":3},"end":{"line":343,"column":4}},"152":{"start":{"line":341,"column":4},"end":{"line":341,"column":69}},"153":{"start":{"line":342,"column":4},"end":{"line":342,"column":13}},"154":{"start":{"line":345,"column":3},"end":{"line":352,"column":4}},"155":{"start":{"line":347,"column":5},"end":{"line":347,"column":43}},"156":{"start":{"line":348,"column":5},"end":{"line":348,"column":11}},"157":{"start":{"line":350,"column":5},"end":{"line":350,"column":64}},"158":{"start":{"line":351,"column":5},"end":{"line":351,"column":11}},"159":{"start":{"line":357,"column":2},"end":{"line":360,"column":5}},"160":{"start":{"line":364,"column":2},"end":{"line":367,"column":5}},"161":{"start":{"line":23,"column":0},"end":{"line":23,"column":13}}},"fnMap":{"0":{"name":"(anonymous_0)","decl":{"start":{"line":35,"column":1},"end":{"line":35,"column":null}},"loc":{"start":{"line":39,"column":33},"end":{"line":101,"column":2}}},"1":{"name":"(anonymous_1)","decl":{"start":{"line":43,"column":31},"end":{"line":43,"column":36}},"loc":{"start":{"line":43,"column":42},"end":{"line":94,"column":3}}},"2":{"name":"(anonymous_2)","decl":{"start":{"line":94,"column":10},"end":{"line":94,"column":13}},"loc":{"start":{"line":94,"column":15},"end":{"line":97,"column":3}}},"3":{"name":"(anonymous_3)","decl":{"start":{"line":97,"column":11},"end":{"line":97,"column":12}},"loc":{"start":{"line":97,"column":21},"end":{"line":100,"column":3}}},"4":{"name":"(anonymous_4)","decl":{"start":{"line":103,"column":1},"end":{"line":103,"column":7}},"loc":{"start":{"line":103,"column":23},"end":{"line":105,"column":2}}},"5":{"name":"(anonymous_5)","decl":{"start":{"line":107,"column":1},"end":{"line":107,"column":6}},"loc":{"start":{"line":107,"column":41},"end":{"line":147,"column":2}}},"6":{"name":"(anonymous_6)","decl":{"start":{"line":149,"column":1},"end":{"line":149,"column":6}},"loc":{"start":{"line":149,"column":75},"end":{"line":210,"column":2}}},"7":{"name":"(anonymous_7)","decl":{"start":{"line":199,"column":42},"end":{"line":199,"column":43}},"loc":{"start":{"line":199,"column":58},"end":{"line":201,"column":3}}},"8":{"name":"(anonymous_8)","decl":{"start":{"line":206,"column":3},"end":{"line":206,"column":6}},"loc":{"start":{"line":206,"column":8},"end":{"line":206,"column":54}}},"9":{"name":"(anonymous_9)","decl":{"start":{"line":251,"column":28},"end":{"line":251,"column":33}},"loc":{"start":{"line":251,"column":67},"end":{"line":259,"column":9}}},"10":{"name":"(anonymous_10)","decl":{"start":{"line":356,"column":1},"end":{"line":356,"column":6}},"loc":{"start":{"line":356,"column":6},"end":{"line":361,"column":2}}},"11":{"name":"(anonymous_11)","decl":{"start":{"line":363,"column":1},"end":{"line":363,"column":15}},"loc":{"start":{"line":363,"column":45},"end":{"line":368,"column":2}}}},"branchMap":{"0":{"loc":{"start":{"line":37,"column":2},"end":{"line":37,"column":54}},"type":"default-arg","locations":[{"start":{"line":37,"column":27},"end":{"line":37,"column":54}}]},"1":{"loc":{"start":{"line":38,"column":2},"end":{"line":38,"column":43}},"type":"default-arg","locations":[{"start":{"line":38,"column":27},"end":{"line":38,"column":43}}]},"2":{"loc":{"start":{"line":39,"column":2},"end":{"line":39,"column":33}},"type":"default-arg","locations":[{"start":{"line":39,"column":18},"end":{"line":39,"column":33}}]},"3":{"loc":{"start":{"line":51,"column":3},"end":{"line":54,"column":4}},"type":"if","locations":[{"start":{"line":51,"column":3},"end":{"line":54,"column":4}},{"start":{},"end":{}}]},"4":{"loc":{"start":{"line":59,"column":3},"end":{"line":61,"column":4}},"type":"if","locations":[{"start":{"line":59,"column":3},"end":{"line":61,"column":4}},{"start":{},"end":{}}]},"5":{"loc":{"start":{"line":72,"column":3},"end":{"line":74,"column":4}},"type":"if","locations":[{"start":{"line":72,"column":3},"end":{"line":74,"column":4}},{"start":{},"end":{}}]},"6":{"loc":{"start":{"line":83,"column":3},"end":{"line":85,"column":4}},"type":"if","locations":[{"start":{"line":83,"column":3},"end":{"line":85,"column":4}},{"start":{},"end":{}}]},"7":{"loc":{"start":{"line":115,"column":2},"end":{"line":117,"column":3}},"type":"if","locations":[{"start":{"line":115,"column":2},"end":{"line":117,"column":3}},{"start":{},"end":{}}]},"8":{"loc":{"start":{"line":122,"column":2},"end":{"line":124,"column":3}},"type":"if","locations":[{"start":{"line":122,"column":2},"end":{"line":124,"column":3}},{"start":{},"end":{}}]},"9":{"loc":{"start":{"line":135,"column":2},"end":{"line":137,"column":3}},"type":"if","locations":[{"start":{"line":135,"column":2},"end":{"line":137,"column":3}},{"start":{},"end":{}}]},"10":{"loc":{"start":{"line":157,"column":2},"end":{"line":159,"column":3}},"type":"if","locations":[{"start":{"line":157,"column":2},"end":{"line":159,"column":3}},{"start":{},"end":{}}]},"11":{"loc":{"start":{"line":166,"column":18},"end":{"line":166,"column":44}},"type":"binary-expr","locations":[{"start":{"line":166,"column":18},"end":{"line":166,"column":39}},{"start":{"line":166,"column":43},"end":{"line":166,"column":44}}]},"12":{"loc":{"start":{"line":167,"column":21},"end":{"line":167,"column":51}},"type":"binary-expr","locations":[{"start":{"line":167,"column":21},"end":{"line":167,"column":45}},{"start":{"line":167,"column":49},"end":{"line":167,"column":51}}]},"13":{"loc":{"start":{"line":168,"column":21},"end":{"line":168,"column":51}},"type":"binary-expr","locations":[{"start":{"line":168,"column":21},"end":{"line":168,"column":45}},{"start":{"line":168,"column":49},"end":{"line":168,"column":51}}]},"14":{"loc":{"start":{"line":171,"column":2},"end":{"line":173,"column":3}},"type":"if","locations":[{"start":{"line":171,"column":2},"end":{"line":173,"column":3}},{"start":{},"end":{}}]},"15":{"loc":{"start":{"line":183,"column":2},"end":{"line":185,"column":3}},"type":"if","locations":[{"start":{"line":183,"column":2},"end":{"line":185,"column":3}},{"start":{},"end":{}}]},"16":{"loc":{"start":{"line":215,"column":2},"end":{"line":218,"column":3}},"type":"if","locations":[{"start":{"line":215,"column":2},"end":{"line":218,"column":3}},{"start":{},"end":{}}]},"17":{"loc":{"start":{"line":227,"column":2},"end":{"line":230,"column":3}},"type":"if","locations":[{"start":{"line":227,"column":2},"end":{"line":230,"column":3}},{"start":{},"end":{}}]},"18":{"loc":{"start":{"line":238,"column":2},"end":{"line":241,"column":3}},"type":"if","locations":[{"start":{"line":238,"column":2},"end":{"line":241,"column":3}},{"start":{},"end":{}}]},"19":{"loc":{"start":{"line":274,"column":2},"end":{"line":277,"column":3}},"type":"if","locations":[{"start":{"line":274,"column":2},"end":{"line":277,"column":3}},{"start":{},"end":{}}]},"20":{"loc":{"start":{"line":299,"column":3},"end":{"line":302,"column":4}},"type":"if","locations":[{"start":{"line":299,"column":3},"end":{"line":302,"column":4}},{"start":{},"end":{}}]},"21":{"loc":{"start":{"line":307,"column":3},"end":{"line":310,"column":4}},"type":"if","locations":[{"start":{"line":307,"column":3},"end":{"line":310,"column":4}},{"start":{},"end":{}}]},"22":{"loc":{"start":{"line":312,"column":3},"end":{"line":322,"column":4}},"type":"switch","locations":[{"start":{"line":313,"column":4},"end":{"line":315,"column":11}},{"start":{"line":316,"column":4},"end":{"line":318,"column":11}},{"start":{"line":319,"column":4},"end":{"line":321,"column":11}}]},"23":{"loc":{"start":{"line":331,"column":3},"end":{"line":334,"column":4}},"type":"if","locations":[{"start":{"line":331,"column":3},"end":{"line":334,"column":4}},{"start":{},"end":{}}]},"24":{"loc":{"start":{"line":340,"column":3},"end":{"line":343,"column":4}},"type":"if","locations":[{"start":{"line":340,"column":3},"end":{"line":343,"column":4}},{"start":{},"end":{}}]},"25":{"loc":{"start":{"line":345,"column":3},"end":{"line":352,"column":4}},"type":"switch","locations":[{"start":{"line":346,"column":4},"end":{"line":348,"column":11}},{"start":{"line":349,"column":4},"end":{"line":351,"column":11}}]}},"s":{"0":3,"1":3,"2":3,"3":3,"4":3,"5":3,"6":3,"7":3,"8":3,"9":3,"10":3,"11":3,"12":25,"13":25,"14":25,"15":25,"16":25,"17":24,"18":23,"19":23,"20":23,"21":23,"22":23,"23":0,"24":0,"25":23,"26":23,"27":23,"28":0,"29":23,"30":23,"31":23,"32":23,"33":0,"34":23,"35":23,"36":1,"37":22,"38":22,"39":22,"40":22,"41":22,"42":22,"43":3,"44":3,"45":1,"46":1,"47":1,"48":1,"49":1,"50":1,"51":1,"52":0,"53":1,"54":1,"55":1,"56":0,"57":1,"58":1,"59":1,"60":1,"61":0,"62":1,"63":1,"64":1,"65":1,"66":1,"67":1,"68":1,"69":1,"70":0,"71":1,"72":1,"73":1,"74":0,"75":1,"76":1,"77":1,"78":1,"79":0,"80":1,"81":1,"82":1,"83":1,"84":0,"85":1,"86":0,"87":1,"88":0,"89":0,"90":0,"91":0,"92":0,"93":0,"94":0,"95":0,"96":0,"97":0,"98":0,"99":0,"100":0,"101":0,"102":0,"103":0,"104":0,"105":0,"106":0,"107":0,"108":0,"109":0,"110":0,"111":0,"112":0,"113":0,"114":0,"115":0,"116":0,"117":0,"118":0,"119":0,"120":0,"121":0,"122":22,"123":22,"124":22,"125":0,"126":0,"127":0,"128":0,"129":0,"130":0,"131":0,"132":0,"133":0,"134":0,"135":0,"136":0,"137":0,"138":0,"139":0,"140":0,"141":0,"142":22,"143":22,"144":22,"145":0,"146":0,"147":0,"148":0,"149":0,"150":0,"151":0,"152":0,"153":0,"154":0,"155":0,"156":0,"157":0,"158":0,"159":1,"160":1,"161":3},"f":{"0":25,"1":24,"2":22,"3":3,"4":1,"5":1,"6":1,"7":0,"8":0,"9":0,"10":1,"11":1},"b":{"0":[22],"1":[23],"2":[24],"3":[0,23],"4":[0,23],"5":[0,23],"6":[1,22],"7":[0,1],"8":[0,1],"9":[0,1],"10":[0,1],"11":[1,0],"12":[1,0],"13":[1,0],"14":[0,1],"15":[0,1],"16":[0,0],"17":[0,0],"18":[0,0],"19":[0,0],"20":[0,0],"21":[0,0],"22":[0,0,0],"23":[0,0],"24":[0,0],"25":[0,0]}}
,"C:\\Users\\daich\\OneDrive\\gomoqt\\moq-web\\src\\session_stream.ts": {"path":"C:\\Users\\daich\\OneDrive\\gomoqt\\moq-web\\src\\session_stream.ts","statementMap":{"0":{"start":{"line":5,"column":0},"end":{"line":5,"column":49}},"1":{"start":{"line":8,"column":0},"end":{"line":8,"column":34}},"2":{"start":{"line":14,"column":18},"end":{"line":14,"column":28}},"3":{"start":{"line":21,"column":8},"end":{"line":21,"column":29}},"4":{"start":{"line":22,"column":8},"end":{"line":22,"column":29}},"5":{"start":{"line":23,"column":8},"end":{"line":23,"column":30}},"6":{"start":{"line":24,"column":8},"end":{"line":24,"column":30}},"7":{"start":{"line":25,"column":8},"end":{"line":25,"column":28}},"8":{"start":{"line":27,"column":8},"end":{"line":27,"column":null}},"9":{"start":{"line":31,"column":20},"end":{"line":31,"column":48}},"10":{"start":{"line":33,"column":8},"end":{"line":52,"column":9}},"11":{"start":{"line":35,"column":12},"end":{"line":37,"column":13}},"12":{"start":{"line":36,"column":16},"end":{"line":36,"column":22}},"13":{"start":{"line":39,"column":12},"end":{"line":39,"column":null}},"14":{"start":{"line":40,"column":12},"end":{"line":42,"column":13}},"15":{"start":{"line":41,"column":16},"end":{"line":41,"column":21}},"16":{"start":{"line":44,"column":12},"end":{"line":48,"column":14}},"17":{"start":{"line":50,"column":12},"end":{"line":50,"column":35}},"18":{"start":{"line":51,"column":12},"end":{"line":51,"column":35}},"19":{"start":{"line":56,"column":20},"end":{"line":56,"column":57}},"20":{"start":{"line":57,"column":20},"end":{"line":57,"column":50}},"21":{"start":{"line":58,"column":8},"end":{"line":60,"column":9}},"22":{"start":{"line":59,"column":12},"end":{"line":59,"column":79}},"23":{"start":{"line":62,"column":8},"end":{"line":62,"column":31}},"24":{"start":{"line":64,"column":8},"end":{"line":64,"column":15}},"25":{"start":{"line":68,"column":8},"end":{"line":68,"column":32}},"26":{"start":{"line":72,"column":8},"end":{"line":72,"column":32}},"27":{"start":{"line":76,"column":8},"end":{"line":76,"column":32}},"28":{"start":{"line":80,"column":8},"end":{"line":80,"column":25}},"29":{"start":{"line":10,"column":0},"end":{"line":10,"column":13}}},"fnMap":{"0":{"name":"(anonymous_0)","decl":{"start":{"line":20,"column":4},"end":{"line":20,"column":16}},"loc":{"start":{"line":20,"column":124},"end":{"line":28,"column":5}}},"1":{"name":"(anonymous_1)","decl":{"start":{"line":55,"column":4},"end":{"line":55,"column":9}},"loc":{"start":{"line":55,"column":32},"end":{"line":65,"column":5}}},"2":{"name":"(anonymous_2)","decl":{"start":{"line":67,"column":4},"end":{"line":67,"column":9}},"loc":{"start":{"line":67,"column":17},"end":{"line":69,"column":5}}},"3":{"name":"(anonymous_3)","decl":{"start":{"line":71,"column":4},"end":{"line":71,"column":8}},"loc":{"start":{"line":71,"column":18},"end":{"line":73,"column":5}}},"4":{"name":"(anonymous_4)","decl":{"start":{"line":75,"column":4},"end":{"line":75,"column":8}},"loc":{"start":{"line":75,"column":18},"end":{"line":77,"column":5}}},"5":{"name":"(anonymous_5)","decl":{"start":{"line":79,"column":4},"end":{"line":79,"column":8}},"loc":{"start":{"line":79,"column":15},"end":{"line":81,"column":5}}}},"branchMap":{"0":{"loc":{"start":{"line":35,"column":12},"end":{"line":37,"column":13}},"type":"if","locations":[{"start":{"line":35,"column":12},"end":{"line":37,"column":13}},{"start":{},"end":{}}]},"1":{"loc":{"start":{"line":40,"column":12},"end":{"line":42,"column":13}},"type":"if","locations":[{"start":{"line":40,"column":12},"end":{"line":42,"column":13}},{"start":{},"end":{}}]},"2":{"loc":{"start":{"line":58,"column":8},"end":{"line":60,"column":9}},"type":"if","locations":[{"start":{"line":58,"column":8},"end":{"line":60,"column":9}},{"start":{},"end":{}}]}},"s":{"0":3,"1":3,"2":9,"3":9,"4":9,"5":9,"6":9,"7":9,"8":9,"9":9,"10":9,"11":9,"12":0,"13":9,"14":9,"15":9,"16":0,"17":0,"18":0,"19":3,"20":3,"21":3,"22":1,"23":2,"24":2,"25":0,"26":4,"27":0,"28":11,"29":3},"f":{"0":9,"1":3,"2":0,"3":4,"4":0,"5":11},"b":{"0":[0,9],"1":[9,0],"2":[1,2]}}
,"C:\\Users\\daich\\OneDrive\\gomoqt\\moq-web\\src\\stream_type.ts": {"path":"C:\\Users\\daich\\OneDrive\\gomoqt\\moq-web\\src\\stream_type.ts","statementMap":{"0":{"start":{"line":1,"column":13},"end":{"line":5,"column":11}},"1":{"start":{"line":7,"column":13},"end":{"line":9,"column":11}}},"fnMap":{},"branchMap":{},"s":{"0":4,"1":4},"f":{},"b":{}}
,"C:\\Users\\daich\\OneDrive\\gomoqt\\moq-web\\src\\subscribe_stream.ts": {"path":"C:\\Users\\daich\\OneDrive\\gomoqt\\moq-web\\src\\subscribe_stream.ts","statementMap":{"0":{"start":{"line":2,"column":0},"end":{"line":2,"column":71}},"1":{"start":{"line":4,"column":0},"end":{"line":4,"column":39}},"2":{"start":{"line":6,"column":0},"end":{"line":6,"column":53}},"3":{"start":{"line":7,"column":0},"end":{"line":7,"column":41}},"4":{"start":{"line":27,"column":2},"end":{"line":27,"column":59}},"5":{"start":{"line":28,"column":2},"end":{"line":28,"column":24}},"6":{"start":{"line":29,"column":2},"end":{"line":29,"column":24}},"7":{"start":{"line":30,"column":2},"end":{"line":30,"column":27}},"8":{"start":{"line":31,"column":2},"end":{"line":31,"column":35}},"9":{"start":{"line":32,"column":2},"end":{"line":32,"column":18}},"10":{"start":{"line":36,"column":2},"end":{"line":36,"column":18}},"11":{"start":{"line":40,"column":2},"end":{"line":40,"column":19}},"12":{"start":{"line":44,"column":2},"end":{"line":44,"column":22}},"13":{"start":{"line":48,"column":2},"end":{"line":48,"column":20}},"14":{"start":{"line":52,"column":14},"end":{"line":52,"column":48}},"15":{"start":{"line":53,"column":14},"end":{"line":53,"column":44}},"16":{"start":{"line":54,"column":2},"end":{"line":56,"column":3}},"17":{"start":{"line":55,"column":3},"end":{"line":55,"column":64}},"18":{"start":{"line":57,"column":2},"end":{"line":57,"column":24}},"19":{"start":{"line":59,"column":19},"end":{"line":59,"column":45}},"20":{"start":{"line":60,"column":2},"end":{"line":62,"column":3}},"21":{"start":{"line":61,"column":3},"end":{"line":61,"column":69}},"22":{"start":{"line":66,"column":20},"end":{"line":66,"column":50}},"23":{"start":{"line":67,"column":2},"end":{"line":67,"column":27}},"24":{"start":{"line":68,"column":2},"end":{"line":68,"column":24}},"25":{"start":{"line":17,"column":0},"end":{"line":17,"column":13}},"26":{"start":{"line":75,"column":15},"end":{"line":75,"column":25}},"27":{"start":{"line":83,"column":2},"end":{"line":83,"column":null}},"28":{"start":{"line":84,"column":2},"end":{"line":84,"column":null}},"29":{"start":{"line":85,"column":2},"end":{"line":85,"column":30}},"30":{"start":{"line":86,"column":2},"end":{"line":86,"column":59}},"31":{"start":{"line":89,"column":2},"end":{"line":107,"column":7}},"32":{"start":{"line":90,"column":3},"end":{"line":106,"column":4}},"33":{"start":{"line":91,"column":16},"end":{"line":91,"column":46}},"34":{"start":{"line":92,"column":16},"end":{"line":92,"column":40}},"35":{"start":{"line":93,"column":4},"end":{"line":95,"column":5}},"36":{"start":{"line":94,"column":5},"end":{"line":94,"column":12}},"37":{"start":{"line":97,"column":4},"end":{"line":102,"column":6}},"38":{"start":{"line":104,"column":4},"end":{"line":104,"column":23}},"39":{"start":{"line":105,"column":4},"end":{"line":105,"column":27}},"40":{"start":{"line":111,"column":2},"end":{"line":111,"column":37}},"41":{"start":{"line":115,"column":2},"end":{"line":119,"column":3}},"42":{"start":{"line":116,"column":3},"end":{"line":116,"column":23}},"43":{"start":{"line":118,"column":3},"end":{"line":118,"column":26}},"44":{"start":{"line":123,"column":2},"end":{"line":123,"column":19}},"45":{"start":{"line":127,"column":2},"end":{"line":127,"column":27}},"46":{"start":{"line":131,"column":2},"end":{"line":134,"column":3}},"47":{"start":{"line":132,"column":3},"end":{"line":132,"column":89}},"48":{"start":{"line":133,"column":3},"end":{"line":133,"column":20}},"49":{"start":{"line":136,"column":14},"end":{"line":136,"column":40}},"50":{"start":{"line":138,"column":14},"end":{"line":138,"column":44}},"51":{"start":{"line":139,"column":2},"end":{"line":141,"column":3}},"52":{"start":{"line":140,"column":3},"end":{"line":140,"column":74}},"53":{"start":{"line":143,"column":2},"end":{"line":148,"column":4}},"54":{"start":{"line":150,"column":2},"end":{"line":150,"column":19}},"55":{"start":{"line":154,"column":2},"end":{"line":156,"column":3}},"56":{"start":{"line":155,"column":3},"end":{"line":155,"column":10}},"57":{"start":{"line":159,"column":2},"end":{"line":159,"column":29}},"58":{"start":{"line":161,"column":2},"end":{"line":161,"column":30}},"59":{"start":{"line":164,"column":2},"end":{"line":164,"column":25}},"60":{"start":{"line":168,"column":2},"end":{"line":170,"column":3}},"61":{"start":{"line":169,"column":3},"end":{"line":169,"column":10}},"62":{"start":{"line":171,"column":16},"end":{"line":171,"column":46}},"63":{"start":{"line":172,"column":2},"end":{"line":172,"column":35}},"64":{"start":{"line":173,"column":2},"end":{"line":173,"column":26}},"65":{"start":{"line":174,"column":2},"end":{"line":174,"column":25}},"66":{"start":{"line":72,"column":0},"end":{"line":72,"column":13}}},"fnMap":{"0":{"name":"(anonymous_0)","decl":{"start":{"line":26,"column":1},"end":{"line":26,"column":13}},"loc":{"start":{"line":26,"column":114},"end":{"line":33,"column":2}}},"1":{"name":"(anonymous_1)","decl":{"start":{"line":35,"column":1},"end":{"line":35,"column":5}},"loc":{"start":{"line":35,"column":16},"end":{"line":37,"column":2}}},"2":{"name":"(anonymous_2)","decl":{"start":{"line":39,"column":1},"end":{"line":39,"column":5}},"loc":{"start":{"line":39,"column":12},"end":{"line":41,"column":2}}},"3":{"name":"(anonymous_3)","decl":{"start":{"line":43,"column":1},"end":{"line":43,"column":5}},"loc":{"start":{"line":43,"column":11},"end":{"line":45,"column":2}}},"4":{"name":"(anonymous_4)","decl":{"start":{"line":47,"column":1},"end":{"line":47,"column":5}},"loc":{"start":{"line":47,"column":9},"end":{"line":49,"column":2}}},"5":{"name":"(anonymous_5)","decl":{"start":{"line":51,"column":1},"end":{"line":51,"column":6}},"loc":{"start":{"line":51,"column":33},"end":{"line":63,"column":2}}},"6":{"name":"(anonymous_6)","decl":{"start":{"line":65,"column":1},"end":{"line":65,"column":7}},"loc":{"start":{"line":65,"column":37},"end":{"line":69,"column":2}}},"7":{"name":"(anonymous_7)","decl":{"start":{"line":82,"column":1},"end":{"line":82,"column":13}},"loc":{"start":{"line":82,"column":90},"end":{"line":108,"column":2}}},"8":{"name":"(anonymous_8)","decl":{"start":{"line":89,"column":3},"end":{"line":89,"column":8}},"loc":{"start":{"line":89,"column":14},"end":{"line":107,"column":3}}},"9":{"name":"(anonymous_9)","decl":{"start":{"line":110,"column":1},"end":{"line":110,"column":5}},"loc":{"start":{"line":110,"column":16},"end":{"line":112,"column":2}}},"10":{"name":"(anonymous_10)","decl":{"start":{"line":114,"column":1},"end":{"line":114,"column":5}},"loc":{"start":{"line":114,"column":16},"end":{"line":120,"column":2}}},"11":{"name":"(anonymous_11)","decl":{"start":{"line":122,"column":1},"end":{"line":122,"column":5}},"loc":{"start":{"line":122,"column":12},"end":{"line":124,"column":2}}},"12":{"name":"(anonymous_12)","decl":{"start":{"line":126,"column":1},"end":{"line":126,"column":6}},"loc":{"start":{"line":126,"column":14},"end":{"line":128,"column":2}}},"13":{"name":"(anonymous_13)","decl":{"start":{"line":130,"column":1},"end":{"line":130,"column":6}},"loc":{"start":{"line":130,"column":28},"end":{"line":151,"column":2}}},"14":{"name":"(anonymous_14)","decl":{"start":{"line":153,"column":1},"end":{"line":153,"column":6}},"loc":{"start":{"line":153,"column":12},"end":{"line":165,"column":2}}},"15":{"name":"(anonymous_15)","decl":{"start":{"line":167,"column":1},"end":{"line":167,"column":6}},"loc":{"start":{"line":167,"column":51},"end":{"line":175,"column":2}}}},"branchMap":{"0":{"loc":{"start":{"line":54,"column":2},"end":{"line":56,"column":3}},"type":"if","locations":[{"start":{"line":54,"column":2},"end":{"line":56,"column":3}},{"start":{},"end":{}}]},"1":{"loc":{"start":{"line":60,"column":2},"end":{"line":62,"column":3}},"type":"if","locations":[{"start":{"line":60,"column":2},"end":{"line":62,"column":3}},{"start":{},"end":{}}]},"2":{"loc":{"start":{"line":93,"column":4},"end":{"line":95,"column":5}},"type":"if","locations":[{"start":{"line":93,"column":4},"end":{"line":95,"column":5}},{"start":{},"end":{}}]},"3":{"loc":{"start":{"line":115,"column":2},"end":{"line":119,"column":3}},"type":"if","locations":[{"start":{"line":115,"column":2},"end":{"line":119,"column":3}},{"start":{"line":117,"column":9},"end":{"line":119,"column":3}}]},"4":{"loc":{"start":{"line":131,"column":2},"end":{"line":134,"column":3}},"type":"if","locations":[{"start":{"line":131,"column":2},"end":{"line":134,"column":3}},{"start":{},"end":{}}]},"5":{"loc":{"start":{"line":139,"column":2},"end":{"line":141,"column":3}},"type":"if","locations":[{"start":{"line":139,"column":2},"end":{"line":141,"column":3}},{"start":{},"end":{}}]},"6":{"loc":{"start":{"line":154,"column":2},"end":{"line":156,"column":3}},"type":"if","locations":[{"start":{"line":154,"column":2},"end":{"line":156,"column":3}},{"start":{},"end":{}}]},"7":{"loc":{"start":{"line":168,"column":2},"end":{"line":170,"column":3}},"type":"if","locations":[{"start":{"line":168,"column":2},"end":{"line":170,"column":3}},{"start":{},"end":{}}]}},"s":{"0":3,"1":3,"2":3,"3":3,"4":7,"5":7,"6":7,"7":7,"8":7,"9":7,"10":0,"11":4,"12":2,"13":0,"14":3,"15":3,"16":3,"17":1,"18":2,"19":2,"20":2,"21":0,"22":8,"23":8,"24":8,"25":3,"2
[...]
t":{"line":73,"column":12},"end":{"line":75,"column":13}},"37":{"start":{"line":74,"column":16},"end":{"line":74,"column":73}},"38":{"start":{"line":76,"column":12},"end":{"line":76,"column":48}},"39":{"start":{"line":79,"column":8},"end":{"line":79,"column":37}},"40":{"start":{"line":81,"column":8},"end":{"line":83,"column":9}},"41":{"start":{"line":82,"column":12},"end":{"line":82,"column":99}},"42":{"start":{"line":85,"column":8},"end":{"line":85,"column":25}},"43":{"start":{"line":11,"column":0},"end":{"line":11,"column":13}}},"fnMap":{"0":{"name":"(anonymous_0)","decl":{"start":{"line":15,"column":4},"end":{"line":15,"column":16}},"loc":{"start":{"line":15,"column":46},"end":{"line":18,"column":5}}},"1":{"name":"(anonymous_1)","decl":{"start":{"line":20,"column":4},"end":{"line":20,"column":8}},"loc":{"start":{"line":20,"column":21},"end":{"line":29,"column":5}}},"2":{"name":"(anonymous_2)","decl":{"start":{"line":31,"column":4},"end":{"line":31,"column":9}},"loc":{"start":{"line":31,"column":31},"end":{"line":40,"column":5}}},"3":{"name":"(anonymous_3)","decl":{"start":{"line":43,"column":4},"end":{"line":43,"column":9}},"loc":{"start":{"line":43,"column":31},"end":{"line":86,"column":5}}}},"branchMap":{"0":{"loc":{"start":{"line":16,"column":23},"end":{"line":16,"column":54}},"type":"binary-expr","locations":[{"start":{"line":16,"column":23},"end":{"line":16,"column":35}},{"start":{"line":16,"column":39},"end":{"line":16,"column":54}}]},"1":{"loc":{"start":{"line":17,"column":26},"end":{"line":17,"column":61}},"type":"binary-expr","locations":[{"start":{"line":17,"column":26},"end":{"line":17,"column":41}},{"start":{"line":17,"column":45},"end":{"line":17,"column":61}}]},"2":{"loc":{"start":{"line":45,"column":8},"end":{"line":47,"column":9}},"type":"if","locations":[{"start":{"line":45,"column":8},"end":{"line":47,"column":9}},{"start":{},"end":{}}]},"3":{"loc":{"start":{"line":50,"column":8},"end":{"line":52,"column":9}},"type":"if","locations":[{"start":{"line":50,"column":8},"end":{"line":52,"column":9}},{"start":{},"end":{}}]},"4":{"loc":{"start":{"line":56,"column":8},"end":{"line":58,"column":9}},"type":"if","locations":[{"start":{"line":56,"column":8},"end":{"line":58,"column":9}},{"start":{},"end":{}}]},"5":{"loc":{"start":{"line":65,"column":12},"end":{"line":67,"column":13}},"type":"if","locations":[{"start":{"line":65,"column":12},"end":{"line":67,"column":13}},{"start":{},"end":{}}]},"6":{"loc":{"start":{"line":70,"column":12},"end":{"line":72,"column":13}},"type":"if","locations":[{"start":{"line":70,"column":12},"end":{"line":72,"column":13}},{"start":{},"end":{}}]},"7":{"loc":{"start":{"line":73,"column":12},"end":{"line":75,"column":13}},"type":"if","locations":[{"start":{"line":73,"column":12},"end":{"line":75,"column":13}},{"start":{},"end":{}}]},"8":{"loc":{"start":{"line":81,"column":8},"end":{"line":83,"column":9}},"type":"if","locations":[{"start":{"line":81,"column":8},"end":{"line":83,"column":9}},{"start":{},"end":{}}]}},"s":{"0":6,"1":6,"2":11,"3":11,"4":2,"5":2,"6":2,"7":2,"8":4,"9":4,"10":2,"11":1,"12":1,"13":1,"14":1,"15":2,"16":2,"17":1,"18":1,"19":1,"20":0,"21":1,"22":1,"23":0,"24":1,"25":1,"26":0,"27":1,"28":1,"29":1,"30":2,"31":2,"32":0,"33":2,"34":2,"35":0,"36":2,"37":0,"38":2,"39":1,"40":1,"41":0,"42":1,"43":6},"f":{"0":11,"1":2,"2":1,"3":1},"b":{"0":[11,1],"1":[11,1],"2":[0,1],"3":[0,1],"4":[0,1],"5":[0,2],"6":[0,2],"7":[0,2],"8":[0,1]}}
,"C:\\Users\\daich\\OneDrive\\gomoqt\\moq-web\\src\\message\\session_update.ts": {"path":"C:\\Users\\daich\\OneDrive\\gomoqt\\moq-web\\src\\message\\session_update.ts","statementMap":{"0":{"start":{"line":2,"column":0},"end":{"line":2,"column":38}},"1":{"start":{"line":12,"column":8},"end":{"line":12,"column":42}},"2":{"start":{"line":16,"column":8},"end":{"line":16,"column":39}},"3":{"start":{"line":20,"column":8},"end":{"line":20,"column":47}},"4":{"start":{"line":21,"column":8},"end":{"line":21,"column":44}},"5":{"start":{"line":22,"column":8},"end":{"line":22,"column":36}},"6":{"start":{"line":26,"column":25},"end":{"line":26,"column":50}},"7":{"start":{"line":27,"column":8},"end":{"line":29,"column":9}},"8":{"start":{"line":28,"column":12},"end":{"line":28,"column":23}},"9":{"start":{"line":30,"column":8},"end":{"line":30,"column":59}},"10":{"start":{"line":31,"column":8},"end":{"line":33,"column":9}},"11":{"start":{"line":32,"column":12},"end":{"line":32,"column":23}},"12":{"start":{"line":35,"column":8},"end":{"line":37,"column":9}},"13":{"start":{"line":36,"column":12},"end":{"line":36,"column":99}},"14":{"start":{"line":39,"column":8},"end":{"line":39,"column":25}},"15":{"start":{"line":8,"column":0},"end":{"line":8,"column":13}}},"fnMap":{"0":{"name":"(anonymous_0)","decl":{"start":{"line":11,"column":4},"end":{"line":11,"column":16}},"loc":{"start":{"line":11,"column":46},"end":{"line":13,"column":5}}},"1":{"name":"(anonymous_1)","decl":{"start":{"line":15,"column":4},"end":{"line":15,"column":8}},"loc":{"start":{"line":15,"column":21},"end":{"line":17,"column":5}}},"2":{"name":"(anonymous_2)","decl":{"start":{"line":19,"column":4},"end":{"line":19,"column":9}},"loc":{"start":{"line":19,"column":31},"end":{"line":23,"column":5}}},"3":{"name":"(anonymous_3)","decl":{"start":{"line":25,"column":4},"end":{"line":25,"column":9}},"loc":{"start":{"line":25,"column":31},"end":{"line":40,"column":5}}}},"branchMap":{"0":{"loc":{"start":{"line":12,"column":23},"end":{"line":12,"column":41}},"type":"binary-expr","locations":[{"start":{"line":12,"column":23},"end":{"line":12,"column":35}},{"start":{"line":12,"column":39},"end":{"line":12,"column":41}}]},"1":{"loc":{"start":{"line":27,"column":8},"end":{"line":29,"column":9}},"type":"if","locations":[{"start":{"line":27,"column":8},"end":{"line":29,"column":9}},{"start":{},"end":{}}]},"2":{"loc":{"start":{"line":31,"column":8},"end":{"line":33,"column":9}},"type":"if","locations":[{"start":{"line":31,"column":8},"end":{"line":33,"column":9}},{"start":{},"end":{}}]},"3":{"loc":{"start":{"line":35,"column":8},"end":{"line":37,"column":9}},"type":"if","locations":[{"start":{"line":35,"column":8},"end":{"line":37,"column":9}},{"start":{},"end":{}}]}},"s":{"0":6,"1":14,"2":2,"3":1,"4":1,"5":1,"6":1,"7":1,"8":0,"9":1,"10":1,"11":0,"12":1,"13":0,"14":1,"15":6},"f":{"0":14,"1":2,"2":1,"3":1},"b":{"0":[14,10],"1":[0,1],"2":[0,1],"3":[0,1]}}
,"C:\\Users\\daich\\OneDrive\\gomoqt\\moq-web\\src\\message\\subscribe.ts": {"path":"C:\\Users\\daich\\OneDrive\\gomoqt\\moq-web\\src\\message\\subscribe.ts","statementMap":{"0":{"start":{"line":2,"column":0},"end":{"line":2,"column":49}},"1":{"start":{"line":23,"column":8},"end":{"line":23,"column":50}},"2":{"start":{"line":24,"column":8},"end":{"line":24,"column":54}},"3":{"start":{"line":25,"column":8},"end":{"line":25,"column":46}},"4":{"start":{"line":26,"column":8},"end":{"line":26,"column":53}},"5":{"start":{"line":27,"column":8},"end":{"line":27,"column":60}},"6":{"start":{"line":28,"column":8},"end":{"line":28,"column":60}},"7":{"start":{"line":32,"column":8},"end":{"line":39,"column":10}},"8":{"start":{"line":44,"column":8},"end":{"line":44,"column":47}},"9":{"start":{"line":45,"column":8},"end":{"line":45,"column":48}},"10":{"start":{"line":46,"column":8},"end":{"line":46,"column":47}},"11":{"start":{"line":47,"column":8},"end":{"line":47,"column":43}},"12":{"start":{"line":48,"column":8},"end":{"line":48,"column":47}},"13":{"start":{"line":49,"column":8},"end":{"line":49,"column":53}},"14":{"start":{"line":50,"column":8},"end":{"line":50,"column":53}},"15":{"start":{"line":51,"column":8},"end":{"line":51,"column":36}},"16":{"start":{"line":55,"column":25},"end":{"line":55,"column":50}},"17":{"start":{"line":56,"column":8},"end":{"line":58,"column":9}},"18":{"start":{"line":57,"column":12},"end":{"line":57,"column":23}},"19":{"start":{"line":59,"column":8},"end":{"line":59,"column":63}},"20":{"start":{"line":60,"column":8},"end":{"line":62,"column":9}},"21":{"start":{"line":61,"column":12},"end":{"line":61,"column":23}},"22":{"start":{"line":63,"column":8},"end":{"line":63,"column":62}},"23":{"start":{"line":64,"column":8},"end":{"line":66,"column":9}},"24":{"start":{"line":65,"column":12},"end":{"line":65,"column":23}},"25":{"start":{"line":67,"column":8},"end":{"line":67,"column":58}},"26":{"start":{"line":68,"column":8},"end":{"line":70,"column":9}},"27":{"start":{"line":69,"column":12},"end":{"line":69,"column":23}},"28":{"start":{"line":71,"column":8},"end":{"line":71,"column":62}},"29":{"start":{"line":72,"column":8},"end":{"line":74,"column":9}},"30":{"start":{"line":73,"column":12},"end":{"line":73,"column":23}},"31":{"start":{"line":75,"column":8},"end":{"line":75,"column":68}},"32":{"start":{"line":76,"column":8},"end":{"line":78,"column":9}},"33":{"start":{"line":77,"column":12},"end":{"line":77,"column":23}},"34":{"start":{"line":79,"column":8},"end":{"line":79,"column":68}},"35":{"start":{"line":80,"column":8},"end":{"line":82,"column":9}},"36":{"start":{"line":81,"column":12},"end":{"line":81,"column":23}},"37":{"start":{"line":84,"column":8},"end":{"line":86,"column":9}},"38":{"start":{"line":85,"column":12},"end":{"line":85,"column":99}},"39":{"start":{"line":88,"column":8},"end":{"line":88,"column":25}},"40":{"start":{"line":14,"column":0},"end":{"line":14,"column":13}}},"fnMap":{"0":{"name":"(anonymous_0)","decl":{"start":{"line":22,"column":4},"end":{"line":22,"column":16}},"loc":{"start":{"line":22,"column":42},"end":{"line":29,"column":5}}},"1":{"name":"(anonymous_1)","decl":{"start":{"line":31,"column":4},"end":{"line":31,"column":8}},"loc":{"start":{"line":31,"column":21},"end":{"line":40,"column":5}}},"2":{"name":"(anonymous_2)","decl":{"start":{"line":43,"column":4},"end":{"line":43,"column":9}},"loc":{"start":{"line":43,"column":31},"end":{"line":52,"column":5}}},"3":{"name":"(anonymous_3)","decl":{"start":{"line":54,"column":4},"end":{"line":54,"column":9}},"loc":{"start":{"line":54,"column":31},"end":{"line":89,"column":5}}}},"branchMap":{"0":{"loc":{"start":{"line":23,"column":27},"end":{"line":23,"column":49}},"type":"binary-expr","locations":[{"start":{"line":23,"column":27},"end":{"line":23,"column":43}},{"start":{"line":23,"column":47},"end":{"line":23,"column":49}}]},"1":{"loc":{"start":{"line":24,"column":29},"end":{"line":24,"column":53}},"type":"binary-expr","locations":[{"start":{"line":24,"column":29},"end":{"line":24,"column":47}},{"start":{"line":24,"column":51},"end":{"line":24,"column":53}}]},"2":{"loc":{"start":{"line":25,"column":25},"end":{"line":25,"column":45}},"type":"binary-expr","locations":[{"start":{"line":25,"column":25},"end":{"line":25,"column":39}},{"start":{"line":25,"column":43},"end":{"line":25,"column":45}}]},"3":{"loc":{"start":{"line":26,"column":29},"end":{"line":26,"column":52}},"type":"binary-expr","locations":[{"start":{"line":26,"column":29},"end":{"line":26,"column":47}},{"start":{"line":26,"column":51},"end":{"line":26,"column":52}}]},"4":{"loc":{"start":{"line":27,"column":32},"end":{"line":27,"column":59}},"type":"binary-expr","locations":[{"start":{"line":27,"column":32},"end":{"line":27,"column":53}},{"start":{"line":27,"column":57},"end":{"line":27,"column":59}}]},"5":{"loc":{"start":{"line":28,"column":32},"end":{"line":28,"column":59}},"type":"binary-expr","locations":[{"start":{"line":28,"column":32},"end":{"line":28,"column":53}},{"start":{"line":28,"column":57},"end":{"line":28,"column":59}}]},"6":{"loc":{"start":{"line":56,"column":8},"end":{"line":58,"column":9}},"type":"if","locations":[{"start":{"line":56,"column":8},"end":{"line":58,"column":9}},{"start":{},"end":{}}]},"7":{"loc":{"start":{"line":60,"column":8},"end":{"line":62,"column":9}},"type":"if","locations":[{"start":{"line":60,"column":8},"end":{"line":62,"column":9}},{"start":{},"end":{}}]},"8":{"loc":{"start":{"line":64,"column":8},"end":{"line":66,"column":9}},"type":"if","locations":[{"start":{"line":64,"column":8},"end":{"line":66,"column":9}},{"start":{},"end":{}}]},"9":{"loc":{"start":{"line":68,"column":8},"end":{"line":70,"column":9}},"type":"if","locations":[{"start":{"line":68,"column":8},"end":{"line":70,"column":9}},{"start":{},"end":{}}]},"10":{"loc":{"start":{"line":72,"column":8},"end":{"line":74,"column":9}},"type":"if","locations":[{"start":{"line":72,"column":8},"end":{"line":74,"column":9}},{"start":{},"end":{}}]},"11":{"loc":{"start":{"line":76,"column":8},"end":{"line":78,"column":9}},"type":"if","locations":[{"start":{"line":76,"column":8},"end":{"line":78,"column":9}},{"start":{},"end":{}}]},"12":{"loc":{"start":{"line":80,"column":8},"end":{"line":82,"column":9}},"type":"if","locations":[{"start":{"line":80,"column":8},"end":{"line":82,"column":9}},{"start":{},"end":{}}]},"13":{"loc":{"start":{"line":84,"column":8},"end":{"line":86,"column":9}},"type":"if","locations":[{"start":{"line":84,"column":8},"end":{"line":86,"column":9}},{"start":{},"end":{}}]}},"s":{"0":6,"1":2,"2":2,"3":2,"4":2,"5":2,"6":2,"7":2,"8":1,"9":1,"10":1,"11":1,"12":1,"13":1,"14":1,"15":1,"16":1,"17":1,"18":0,"19":1,"20":1,"21":0,"22":1,"23":1,"24":0,"25":1,"26":1,"27":0,"28":1,"29":1,"30":0,"31":1,"32":1,"33":0,"34":1,"35":1,"36":0,"37":1,"38":0,"39":1,"40":6},"f":{"0":2,"1":2,"2":1,"3":1},"b":{"0":[2,1],"1":[2,1],"2":[2,1],"3":[2,1],"4":[2,1],"5":[2,1],"6":[0,1],"7":[0,1],"8":[0,1],"9":[0,1],"10":[0,1],"11":[0,1],"12":[0,1],"13":[0,1]}}
,"C:\\Users\\daich\\OneDrive\\gomoqt\\moq-web\\src\\message\\subscribe_ok.ts": {"path":"C:\\Users\\daich\\OneDrive\\gomoqt\\moq-web\\src\\message\\subscribe_ok.ts","statementMap":{"0":{"start":{"line":11,"column":8},"end":{"line":11,"column":17}},"1":{"start":{"line":15,"column":8},"end":{"line":15,"column":47}},"2":{"start":{"line":16,"column":8},"end":{"line":16,"column":36}},"3":{"start":{"line":20,"column":25},"end":{"line":20,"column":50}},"4":{"start":{"line":21,"column":8},"end":{"line":23,"column":9}},"5":{"start":{"line":22,"column":12},"end":{"line":22,"column":23}},"6":{"start":{"line":25,"column":8},"end":{"line":27,"column":9}},"7":{"start":{"line":26,"column":12},"end":{"line":26,"column":99}},"8":{"start":{"line":29,"column":8},"end":{"line":29,"column":25}},"9":{"start":{"line":6,"column":0},"end":{"line":6,"column":13}}},"fnMap":{"0":{"name":"(anonymous_0)","decl":{"start":{"line":8,"column":4},"end":{"line":8,"column":16}},"loc":{"start":{"line":8,"column":44},"end":{"line":8,"column":48}}},"1":{"name":"(anonymous_1)","decl":{"start":{"line":10,"column":4},"end":{"line":10,"column":8}},"loc":{"start":{"line":10,"column":21},"end":{"line":12,"column":5}}},"2":{"name":"(anonymous_2)","decl":{"start":{"line":14,"column":4},"end":{"line":14,"column":9}},"loc":{"start":{"line":14,"column":31},"end":{"line":17,"column":5}}},"3":{"name":"(anonymous_3)","decl":{"start":{"line":19,"column":4},"end":{"line":19,"column":9}},"loc":{"start":{"line":19,"column":31},"end":{"line":30,"column":5}}}},"branchMap":{"0":{"loc":{"start":{"line":21,"column":8},"end":{"line":23,"column":9}},"type":"if","locations":[{"start":{"line":21,"column":8},"end":{"line":23,"column":9}},{"start":{},"end":{}}]},"1":{"loc":{"start":{"line":25,"column":8},"end":{"line":27,"column":9}},"type":"if","locations":[{"start":{"line":25,"column":8},"end":{"line":27,"column":9}},{"start":{},"end":{}}]}},"s":{"0":2,"1":1,"2":1,"3":1,"4":1,"5":0,"6":1,"7":0,"8":1,"9":6},"f":{"0":2,"1":2,"2":1,"3":1},"b":{"0":[0,1],"1":[0,1]}}
,"C:\\Users\\daich\\OneDrive\\gomoqt\\moq-web\\src\\message\\subscribe_update.ts": {"path":"C:\\Users\\daich\\OneDrive\\gomoqt\\moq-web\\src\\message\\subscribe_update.ts","statementMap":{"0":{"start":{"line":2,"column":0},"end":{"line":2,"column":38}},"1":{"start":{"line":17,"column":8},"end":{"line":17,"column":53}},"2":{"start":{"line":18,"column":8},"end":{"line":18,"column":60}},"3":{"start":{"line":19,"column":8},"end":{"line":19,"column":60}},"4":{"start":{"line":23,"column":8},"end":{"line":27,"column":10}},"5":{"start":{"line":31,"column":8},"end":{"line":31,"column":47}},"6":{"start":{"line":32,"column":8},"end":{"line":32,"column":47}},"7":{"start":{"line":33,"column":8},"end":{"line":33,"column":53}},"8":{"start":{"line":34,"column":8},"end":{"line":34,"column":53}},"9":{"start":{"line":35,"column":8},"end":{"line":35,"column":36}},"10":{"start":{"line":39,"column":25},"end":{"line":39,"column":50}},"11":{"start":{"line":40,"column":8},"end":{"line":42,"column":9}},"12":{"start":{"line":41,"column":12},"end":{"line":41,"column":23}},"13":{"start":{"line":43,"column":8},"end":{"line":43,"column":62}},"14":{"start":{"line":44,"column":8},"end":{"line":46,"column":9}},"15":{"start":{"line":45,"column":12},"end":{"line":45,"column":23}},"16":{"start":{"line":47,"column":8},"end":{"line":47,"column":68}},"17":{"start":{"line":48,"column":8},"end":{"line":50,"column":9}},"18":{"start":{"line":49,"column":12},"end":{"line":49,"column":23}},"19":{"start":{"line":51,"column":8},"end":{"line":51,"column":68}},"20":{"start":{"line":52,"column":8},"end":{"line":54,"column":9}},"21":{"start":{"line":53,"column":12},"end":{"line":53,"column":23}},"22":{"start":{"line":56,"column":8},"end":{"line":58,"column":9}},"23":{"start":{"line":57,"column":12},"end":{"line":57,"column":99}},"24":{"start":{"line":60,"column":8},"end":{"line":60,"column":25}},"25":{"start":{"line":11,"column":0},"end":{"line":11,"column":13}}},"fnMap":{"0":{"name":"(anonymous_0)","decl":{"start":{"line":16,"column":4},"end":{"line":16,"column":16}},"loc":{"start":{"line":16,"column":48},"end":{"line":20,"column":5}}},"1":{"name":"(anonymous_1)","decl":{"start":{"line":22,"column":4},"end":{"line":22,"column":8}},"loc":{"start":{"line":22,"column":21},"end":{"line":28,"column":5}}},"2":{"name":"(anonymous_2)","decl":{"start":{"line":30,"column":4},"end":{"line":30,"column":9}},"loc":{"start":{"line":30,"column":31},"end":{"line":36,"column":5}}},"3":{"name":"(anonymous_3)","decl":{"start":{"line":38,"column":4},"end":{"line":38,"column":9}},"loc":{"start":{"line":38,"column":31},"end":{"line":61,"column":5}}}},"branchMap":{"0":{"loc":{"start":{"line":17,"column":29},"end":{"line":17,"column":52}},"type":"binary-expr","locations":[{"start":{"line":17,"column":29},"end":{"line":17,"column":47}},{"start":{"line":17,"column":51},"end":{"line":17,"column":52}}]},"1":{"loc":{"start":{"line":18,"column":32},"end":{"line":18,"column":59}},"type":"binary-expr","locations":[{"start":{"line":18,"column":32},"end":{"line":18,"column":53}},{"start":{"line":18,"column":57},"end":{"line":18,"column":59}}]},"2":{"loc":{"start":{"line":19,"column":32},"end":{"line":19,"column":59}},"type":"binary-expr","locations":[{"start":{"line":19,"column":32},"end":{"line":19,"column":53}},{"start":{"line":19,"column":57},"end":{"line":19,"column":59}}]},"3":{"loc":{"start":{"line":40,"column":8},"end":{"line":42,"column":9}},"type":"if","locations":[{"start":{"line":40,"column":8},"end":{"line":42,"column":9}},{"start":{},"end":{}}]},"4":{"loc":{"start":{"line":44,"column":8},"end":{"line":46,"column":9}},"type":"if","locations":[{"start":{"line":44,"column":8},"end":{"line":46,"column":9}},{"start":{},"end":{}}]},"5":{"loc":{"start":{"line":48,"column":8},"end":{"line":50,"column":9}},"type":"if","locations":[{"start":{"line":48,"column":8},"end":{"line":50,"column":9}},{"start":{},"end":{}}]},"6":{"loc":{"start":{"line":52,"column":8},"end":{"line":54,"column":9}},"type":"if","locations":[{"start":{"line":52,"column":8},"end":{"line":54,"column":9}},{"start":{},"end":{}}]},"7":{"loc":{"start":{"line":56,"column":8},"end":{"line":58,"column":9}},"type":"if","locations":[{"start":{"line":56,"column":8},"end":{"line":58,"column":9}},{"start":{},"end":{}}]}},"s":{"0":6,"1":2,"2":2,"3":2,"4":2,"5":1,"6":1,"7":1,"8":1,"9":1,"10":1,"11":1,"12":0,"13":1,"14":1,"15":0,"16":1,"17":1,"18":0,"19":1,"20":1,"21":0,"22":1,"23":0,"24":1,"25":6},"f":{"0":2,"1":2,"2":1,"3":1},"b":{"0":[2,1],"1":[2,1],"2":[2,1],"3":[0,1],"4":[0,1],"5":[0,1],"6":[0,1],"7":[0,1]}}
}
