TN:
SF:src\announce_stream.ts
FN:29,(anonymous_0)
FN:42,(anonymous_1)
FN:47,(anonymous_2)
FN:69,(anonymous_3)
FN:111,(anonymous_4)
FN:146,(anonymous_5)
FN:165,(anonymous_6)
FN:169,(anonymous_7)
FN:181,(anonymous_8)
FN:208,(anonymous_9)
FN:229,(anonymous_10)
FN:232,(anonymous_11)
FN:254,(anonymous_12)
FN:266,(anonymous_13)
FN:311,(anonymous_14)
FN:315,(anonymous_15)
FN:319,(anonymous_16)
FN:331,(anonymous_17)
FN:349,(anonymous_18)
FN:355,(anonymous_19)
FN:359,(anonymous_20)
FN:363,(anonymous_21)
FNF:22
FNH:12
FNDA:7,(anonymous_0)
FNDA:6,(anonymous_1)
FNDA:3,(anonymous_2)
FNDA:0,(anonymous_3)
FNDA:3,(anonymous_4)
FNDA:1,(anonymous_5)
FNDA:4,(anonymous_6)
FNDA:0,(anonymous_7)
FNDA:0,(anonymous_8)
FNDA:1,(anonymous_9)
FNDA:1,(anonymous_10)
FNDA:0,(anonymous_11)
FNDA:0,(anonymous_12)
FNDA:0,(anonymous_13)
FNDA:0,(anonymous_14)
FNDA:0,(anonymous_15)
FNDA:0,(anonymous_16)
FNDA:0,(anonymous_17)
FNDA:20,(anonymous_18)
FNDA:2,(anonymous_19)
FNDA:7,(anonymous_20)
FNDA:12,(anonymous_21)
DA:3,3
DA:4,3
DA:6,3
DA:8,3
DA:9,3
DA:11,3
DA:12,3
DA:13,3
DA:15,3
DA:19,3
DA:23,7
DA:35,7
DA:36,7
DA:38,7
DA:41,6
DA:42,6
DA:43,6
DA:49,3
DA:50,0
DA:51,0
DA:53,0
DA:54,0
DA:57,0
DA:58,0
DA:59,0
DA:60,0
DA:61,0
DA:62,0
DA:64,0
DA:67,0
DA:69,0
DA:71,0
DA:72,0
DA:73,0
DA:74,0
DA:75,0
DA:79,0
DA:80,0
DA:84,0
DA:85,0
DA:89,3
DA:92,3
DA:93,3
DA:94,0
DA:97,3
DA:105,3
DA:106,3
DA:108,3
DA:112,3
DA:114,3
DA:115,3
DA:117,3
DA:118,1
DA:121,2
DA:122,2
DA:123,2
DA:124,2
DA:125,0
DA:126,2
DA:128,0
DA:131,2
DA:132,2
DA:133,2
DA:134,1
DA:137,1
DA:144,1
DA:146,1
DA:147,1
DA:148,1
DA:149,1
DA:150,1
DA:151,0
DA:155,0
DA:156,0
DA:160,0
DA:161,0
DA:166,4
DA:170,0
DA:172,0
DA:174,0
DA:175,0
DA:176,0
DA:177,0
DA:178,0
DA:182,0
DA:184,0
DA:187,0
DA:188,0
DA:189,0
DA:190,0
DA:191,0
DA:192,0
DA:193,0
DA:197,3
DA:201,1
DA:202,1
DA:205,1
DA:210,1
DA:211,1
DA:212,1
DA:213,1
DA:214,0
DA:216,1
DA:217,1
DA:220,1
DA:221,2
DA:222,2
DA:223,2
DA:224,2
DA:229,1
DA:233,0
DA:235,0
DA:236,0
DA:237,0
DA:238,0
DA:241,0
DA:242,0
DA:245,0
DA:246,0
DA:253,0
DA:254,0
DA:258,0
DA:259,0
DA:265,1
DA:266,1
DA:267,0
DA:268,0
DA:269,0
DA:272,0
DA:279,0
DA:281,0
DA:282,0
DA:283,0
DA:285,0
DA:287,0
DA:288,0
DA:289,0
DA:292,0
DA:293,0
DA:294,0
DA:295,0
DA:297,0
DA:298,0
DA:300,0
DA:302,0
DA:305,0
DA:306,0
DA:309,0
DA:311,0
DA:316,0
DA:320,0
DA:322,0
DA:325,0
DA:326,0
DA:327,0
DA:328,0
DA:332,0
DA:334,0
DA:336,0
DA:337,0
DA:338,0
DA:339,0
DA:340,0
DA:344,3
DA:350,20
DA:351,19
DA:352,19
DA:356,2
DA:360,7
DA:364,12
LF:170
LH:72
BRDA:53,0,0,0
BRDA:53,0,1,0
BRDA:59,1,0,0
BRDA:59,1,1,0
BRDA:60,2,0,0
BRDA:60,2,1,0
BRDA:60,3,0,0
BRDA:60,3,1,0
BRDA:62,4,0,0
BRDA:62,4,1,0
BRDA:62,5,0,0
BRDA:62,5,1,0
BRDA:74,6,0,0
BRDA:74,6,1,0
BRDA:79,7,0,0
BRDA:79,7,1,0
BRDA:79,8,0,0
BRDA:79,8,1,0
BRDA:79,8,2,0
BRDA:93,9,0,0
BRDA:93,9,1,3
BRDA:117,10,0,1
BRDA:117,10,1,2
BRDA:123,11,0,2
BRDA:123,11,1,0
BRDA:124,12,0,0
BRDA:124,12,1,2
BRDA:124,13,0,2
BRDA:124,13,1,0
BRDA:126,14,0,0
BRDA:126,14,1,2
BRDA:126,15,0,2
BRDA:126,15,1,0
BRDA:133,16,0,1
BRDA:133,16,1,1
BRDA:150,17,0,0
BRDA:150,17,1,1
BRDA:155,18,0,0
BRDA:155,18,1,0
BRDA:155,19,0,0
BRDA:155,19,1,0
BRDA:155,19,2,0
BRDA:170,20,0,0
BRDA:170,20,1,0
BRDA:182,21,0,0
BRDA:182,21,1,0
BRDA:213,22,0,0
BRDA:213,22,1,1
BRDA:237,23,0,0
BRDA:237,23,1,0
BRDA:241,24,0,0
BRDA:241,24,1,0
BRDA:241,25,0,0
BRDA:241,25,1,0
BRDA:245,26,0,0
BRDA:245,26,1,0
BRDA:254,27,0,0
BRDA:254,27,1,0
BRDA:258,28,0,0
BRDA:258,28,1,0
BRDA:267,29,0,0
BRDA:267,29,1,0
BRDA:281,30,0,0
BRDA:281,30,1,0
BRDA:282,31,0,0
BRDA:282,31,1,0
BRDA:282,32,0,0
BRDA:282,32,1,0
BRDA:288,33,0,0
BRDA:288,33,1,0
BRDA:288,34,0,0
BRDA:288,34,1,0
BRDA:297,35,0,0
BRDA:297,35,1,0
BRDA:297,36,0,0
BRDA:297,36,1,0
BRDA:297,36,2,0
BRDA:320,37,0,0
BRDA:320,37,1,0
BRDA:332,38,0,0
BRDA:332,38,1,0
BRF:81
BRH:12
end_of_record
TN:
SF:src\broadcast_path.ts
FN:17,isValidBroadcastPath
FN:27,validateBroadcastPath
FN:43,extension
FNF:3
FNH:3
FNDA:42,isValidBroadcastPath
FNDA:32,validateBroadcastPath
FNDA:14,extension
DA:17,4
DA:18,42
DA:27,4
DA:28,32
DA:29,5
DA:31,27
DA:43,4
DA:44,14
DA:45,14
DA:48,14
DA:49,5
DA:53,9
DA:54,1
DA:57,8
LF:14
LH:14
BRDA:18,0,0,42
BRDA:18,0,1,33
BRDA:28,1,0,5
BRDA:28,1,1,27
BRDA:48,2,0,5
BRDA:48,2,1,9
BRDA:48,3,0,14
BRDA:48,3,1,10
BRDA:53,4,0,1
BRDA:53,4,1,8
BRF:10
BRH:10
end_of_record
TN:
SF:src\client.ts
FN:24,(anonymous_0)
FN:29,(anonymous_1)
FN:37,(anonymous_2)
FN:45,(anonymous_3)
FNF:4
FNH:4
FNDA:20,(anonymous_0)
FNDA:16,(anonymous_1)
FNDA:3,(anonymous_2)
FNDA:2,(anonymous_3)
DA:1,3
DA:4,3
DA:6,3
DA:12,3
DA:19,3
DA:20,20
DA:25,20
DA:26,20
DA:30,16
DA:31,16
DA:32,16
DA:33,15
DA:34,15
DA:38,3
DA:39,4
DA:42,3
DA:46,2
DA:47,2
DA:50,2
DA:54,3
LF:20
LH:20
BRDA:24,0,0,19
BRDA:26,1,0,20
BRDA:26,1,1,19
BRDA:29,2,0,15
BRF:4
BRH:4
end_of_record
TN:
SF:src\error.ts
FNF:0
FNH:0
DA:4,5
DA:5,5
DA:6,5
DA:7,5
DA:8,5
DA:9,5
DA:14,5
DA:15,5
DA:16,5
DA:17,5
DA:18,5
DA:19,5
DA:24,5
DA:26,5
DA:27,5
DA:28,5
DA:29,5
DA:30,5
DA:31,5
LF:19
LH:19
BRF:0
BRH:0
end_of_record
TN:
SF:src\frame.ts
FN:6,(anonymous_0)
FN:10,(anonymous_1)
FN:14,(anonymous_2)
FN:24,(anonymous_3)
FN:32,(anonymous_4)
FNF:5
FNH:4
FNDA:9,(anonymous_0)
FNDA:2,(anonymous_1)
FNDA:4,(anonymous_2)
FNDA:0,(anonymous_3)
FNDA:1,(anonymous_4)
DA:3,5
DA:7,9
DA:11,2
DA:15,4
DA:16,2
DA:17,2
DA:18,1
DA:20,1
DA:25,0
DA:26,0
DA:27,0
DA:29,0
DA:33,1
DA:34,0
DA:36,1
LF:15
LH:10
BRDA:15,0,0,2
BRDA:15,0,1,2
BRDA:17,1,0,1
BRDA:17,1,1,1
BRDA:25,2,0,0
BRDA:25,2,1,0
BRDA:25,3,0,0
BRDA:25,3,1,0
BRDA:33,4,0,0
BRDA:33,4,1,1
BRF:10
BRH:5
end_of_record
TN:
SF:src\group_stream.ts
FN:17,(anonymous_0)
FN:22,(anonymous_1)
FN:27,(anonymous_2)
FN:31,(anonymous_3)
FN:45,(anonymous_4)
FN:53,(anonymous_5)
FN:63,(anonymous_6)
FN:75,(anonymous_7)
FN:80,(anonymous_8)
FN:85,(anonymous_9)
FN:89,(anonymous_10)
FN:116,(anonymous_11)
FN:126,(anonymous_12)
FNF:13
FNH:11
FNDA:10,(anonymous_0)
FNDA:7,(anonymous_1)
FNDA:2,(anonymous_2)
FNDA:2,(anonymous_3)
FNDA:1,(anonymous_4)
FNDA:8,(anonymous_5)
FNDA:0,(anonymous_6)
FNDA:6,(anonymous_7)
FNDA:5,(anonymous_8)
FNDA:2,(anonymous_9)
FNDA:2,(anonymous_10)
FNDA:6,(anonymous_11)
FNDA:0,(anonymous_12)
DA:2,4
DA:5,4
DA:7,4
DA:9,4
DA:11,4
DA:18,10
DA:19,10
DA:20,10
DA:22,10
DA:23,7
DA:28,2
DA:32,2
DA:33,2
DA:35,0
DA:37,2
DA:38,2
DA:39,1
DA:42,1
DA:46,1
DA:47,0
DA:49,1
DA:50,1
DA:54,8
DA:56,0
DA:58,8
DA:59,8
DA:60,8
DA:64,0
DA:68,4
DA:76,6
DA:77,6
DA:78,6
DA:80,6
DA:81,5
DA:86,2
DA:92,2
DA:93,2
DA:94,1
DA:97,1
DA:98,0
DA:101,1
DA:102,1
DA:103,1
DA:105,1
DA:108,1
DA:109,1
DA:110,0
DA:113,1
DA:117,6
DA:119,0
DA:121,6
DA:122,6
DA:123,6
DA:127,0
LF:54
LH:46
BRDA:32,0,0,2
BRDA:32,0,1,0
BRDA:38,1,0,1
BRDA:38,1,1,1
BRDA:46,2,0,0
BRDA:46,2,1,1
BRDA:54,3,0,0
BRDA:54,3,1,8
BRDA:93,4,0,1
BRDA:93,4,1,1
BRDA:97,5,0,0
BRDA:97,5,1,1
BRDA:101,6,0,1
BRDA:101,6,1,0
BRDA:101,7,0,1
BRDA:101,7,1,0
BRDA:102,8,0,1
BRDA:102,8,1,1
BRDA:109,9,0,0
BRDA:109,9,1,1
BRDA:117,10,0,0
BRDA:117,10,1,6
BRF:22
BRH:14
end_of_record
TN:
SF:src\session.ts
FN:35,(anonymous_0)
FN:43,(anonymous_1)
FN:94,(anonymous_2)
FN:97,(anonymous_3)
FN:103,(anonymous_4)
FN:107,(anonymous_5)
FN:149,(anonymous_6)
FN:199,(anonymous_7)
FN:206,(anonymous_8)
FN:251,(anonymous_9)
FN:356,(anonymous_10)
FN:363,(anonymous_11)
FNF:12
FNH:9
FNDA:25,(anonymous_0)
FNDA:24,(anonymous_1)
FNDA:22,(anonymous_2)
FNDA:3,(anonymous_3)
FNDA:1,(anonymous_4)
FNDA:1,(anonymous_5)
FNDA:1,(anonymous_6)
FNDA:0,(anonymous_7)
FNDA:0,(anonymous_8)
FNDA:0,(anonymous_9)
FNDA:1,(anonymous_10)
FNDA:1,(anonymous_11)
DA:1,3
DA:3,3
DA:4,3
DA:5,3
DA:6,3
DA:7,3
DA:9,3
DA:11,3
DA:14,3
DA:17,3
DA:18,3
DA:19,3
DA:23,3
DA:29,25
DA:33,25
DA:41,25
DA:42,25
DA:43,25
DA:44,24
DA:45,23
DA:46,23
DA:49,23
DA:50,23
DA:51,23
DA:52,0
DA:53,0
DA:57,23
DA:58,23
DA:59,23
DA:60,0
DA:63,23
DA:70,23
DA:71,23
DA:72,23
DA:73,0
DA:76,23
DA:83,23
DA:84,1
DA:87,22
DA:89,22
DA:91,22
DA:93,22
DA:95,22
DA:96,22
DA:98,3
DA:99,3
DA:104,1
DA:108,1
DA:109,1
DA:110,1
DA:113,1
DA:114,1
DA:115,1
DA:116,0
DA:120,1
DA:121,1
DA:122,1
DA:123,0
DA:126,1
DA:133,1
DA:134,1
DA:135,1
DA:136,0
DA:139,1
DA:146,1
DA:150,1
DA:151,1
DA:152,1
DA:155,1
DA:156,1
DA:157,1
DA:158,0
DA:162,1
DA:170,1
DA:171,1
DA:172,0
DA:175,1
DA:181,1
DA:182,1
DA:183,1
DA:184,0
DA:187,1
DA:194,1
DA:196,1
DA:199,1
DA:200,0
DA:203,1
DA:206,0
DA:209,1
DA:213,0
DA:214,0
DA:215,0
DA:216,0
DA:217,0
DA:220,0
DA:226,0
DA:227,0
DA:228,0
DA:229,0
DA:232,0
DA:236,0
DA:237,0
DA:238,0
DA:239,0
DA:240,0
DA:243,0
DA:249,0
DA:251,0
DA:252,0
DA:253,0
DA:254,0
DA:256,0
DA:257,0
DA:262,0
DA:268,0
DA:272,0
DA:273,0
DA:274,0
DA:275,0
DA:276,0
DA:279,0
DA:285,0
DA:287,0
DA:291,22
DA:296,22
DA:297,22
DA:299,0
DA:300,0
DA:301,0
DA:303,0
DA:304,0
DA:305,0
DA:306,0
DA:307,0
DA:308,0
DA:309,0
DA:312,0
DA:314,0
DA:315,0
DA:317,0
DA:318,0
DA:320,0
DA:321,0
DA:327,22
DA:328,22
DA:329,22
DA:331,0
DA:332,0
DA:333,0
DA:335,0
DA:336,0
DA:339,0
DA:340,0
DA:341,0
DA:342,0
DA:345,0
DA:347,0
DA:348,0
DA:350,0
DA:351,0
DA:357,1
DA:364,1
LF:162
LH:85
BRDA:37,0,0,22
BRDA:38,1,0,23
BRDA:39,2,0,24
BRDA:51,3,0,0
BRDA:51,3,1,23
BRDA:59,4,0,0
BRDA:59,4,1,23
BRDA:72,5,0,0
BRDA:72,5,1,23
BRDA:83,6,0,1
BRDA:83,6,1,22
BRDA:115,7,0,0
BRDA:115,7,1,1
BRDA:122,8,0,0
BRDA:122,8,1,1
BRDA:135,9,0,0
BRDA:135,9,1,1
BRDA:157,10,0,0
BRDA:157,10,1,1
BRDA:166,11,0,1
BRDA:166,11,1,0
BRDA:167,12,0,1
BRDA:167,12,1,0
BRDA:168,13,0,1
BRDA:168,13,1,0
BRDA:171,14,0,0
BRDA:171,14,1,1
BRDA:183,15,0,0
BRDA:183,15,1,1
BRDA:215,16,0,0
BRDA:215,16,1,0
BRDA:227,17,0,0
BRDA:227,17,1,0
BRDA:238,18,0,0
BRDA:238,18,1,0
BRDA:274,19,0,0
BRDA:274,19,1,0
BRDA:299,20,0,0
BRDA:299,20,1,0
BRDA:307,21,0,0
BRDA:307,21,1,0
BRDA:312,22,0,0
BRDA:312,22,1,0
BRDA:312,22,2,0
BRDA:331,23,0,0
BRDA:331,23,1,0
BRDA:340,24,0,0
BRDA:340,24,1,0
BRDA:345,25,0,0
BRDA:345,25,1,0
BRF:50
BRH:17
end_of_record
TN:
SF:src\session_stream.ts
FN:20,(anonymous_0)
FN:55,(anonymous_1)
FN:67,(anonymous_2)
FN:71,(anonymous_3)
FN:75,(anonymous_4)
FN:79,(anonymous_5)
FNF:6
FNH:4
FNDA:9,(anonymous_0)
FNDA:3,(anonymous_1)
FNDA:0,(anonymous_2)
FNDA:4,(anonymous_3)
FNDA:0,(anonymous_4)
FNDA:11,(anonymous_5)
DA:5,3
DA:8,3
DA:10,3
DA:14,9
DA:21,9
DA:22,9
DA:23,9
DA:24,9
DA:25,9
DA:27,9
DA:31,9
DA:33,9
DA:35,9
DA:36,0
DA:39,9
DA:40,9
DA:41,9
DA:44,0
DA:50,0
DA:51,0
DA:56,3
DA:57,3
DA:58,3
DA:59,1
DA:62,2
DA:64,2
DA:68,0
DA:72,4
DA:76,0
DA:80,11
LF:30
LH:24
BRDA:35,0,0,0
BRDA:35,0,1,9
BRDA:40,1,0,9
BRDA:40,1,1,0
BRDA:58,2,0,1
BRDA:58,2,1,2
BRF:6
BRH:4
end_of_record
TN:
SF:src\stream_type.ts
FNF:0
FNH:0
DA:1,4
DA:7,4
LF:2
LH:2
BRF:0
BRH:0
end_of_record
TN:
SF:src\subscribe_stream.ts
FN:26,(anonymous_0)
FN:35,(anonymous_1)
FN:39,(anonymous_2)
FN:43,(anonymous_3)
FN:47,(anonymous_4)
FN:51,(anonymous_5)
FN:65,(anonymous_6)
FN:82,(anonymous_7)
FN:89,(anonymous_8)
FN:110,(anonymous_9)
FN:114,(anonymous_10)
FN:122,(anonymous_11)
FN:126,(anonymous_12)
FN:130,(anonymous_13)
FN:153,(anonymous_14)
FN:167,(anonymous_15)
FNF:16
FNH:12
FNDA:7,(anonymous_0)
FNDA:0,(anonymous_1)
FNDA:4,(anonymous_2)
FNDA:2,(anonymous_3)
FNDA:0,(anonymous_4)
FNDA:3,(anonymous_5)
FNDA:8,(anonymous_6)
FNDA:8,(anonymous_7)
FNDA:8,(anonymous_8)
FNDA:0,(anonymous_9)
FNDA:1,(anonymous_10)
FNDA:4,(anonymous_11)
FNDA:0,(anonymous_12)
FNDA:1,(anonymous_13)
FNDA:1,(anonymous_14)
FNDA:2,(anonymous_15)
DA:2,3
DA:4,3
DA:6,3
DA:7,3
DA:17,3
DA:27,7
DA:28,7
DA:29,7
DA:30,7
DA:31,7
DA:32,7
DA:36,0
DA:40,4
DA:44,2
DA:48,0
DA:52,3
DA:53,3
DA:54,3
DA:55,1
DA:57,2
DA:59,2
DA:60,2
DA:61,0
DA:66,8
DA:67,8
DA:68,8
DA:72,3
DA:75,8
DA:83,8
DA:84,8
DA:85,8
DA:86,8
DA:89,8
DA:90,8
DA:91,9
DA:92,9
DA:93,9
DA:94,8
DA:97,1
DA:104,1
DA:105,1
DA:111,0
DA:115,1
DA:116,0
DA:118,1
DA:123,4
DA:127,0
DA:131,1
DA:132,0
DA:133,0
DA:136,1
DA:138,1
DA:139,1
DA:140,1
DA:143,0
DA:150,0
DA:154,1
DA:155,0
DA:159,1
DA:161,1
DA:164,1
DA:168,2
DA:169,0
DA:171,2
DA:172,2
DA:173,2
DA:174,2
LF:67
LH:55
BRDA:54,0,0,1
BRDA:54,0,1,2
BRDA:60,1,0,0
BRDA:60,1,1,2
BRDA:93,2,0,8
BRDA:93,2,1,1
BRDA:115,3,0,0
BRDA:115,3,1,1
BRDA:131,4,0,0
BRDA:131,4,1,1
BRDA:139,5,0,1
BRDA:139,5,1,0
BRDA:154,6,0,0
BRDA:154,6,1,1
BRDA:168,7,0,0
BRDA:168,7,1,2
BRF:16
BRH:10
end_of_record
TN:
SF:src\track.ts
FN:22,(anonymous_0)
FN:34,(anonymous_1)
FN:38,(anonymous_2)
FN:42,(anonymous_3)
FN:46,(anonymous_4)
FN:79,(anonymous_5)
FN:86,(anonymous_6)
FN:89,(anonymous_7)
FN:96,(anonymous_8)
FN:98,(anonymous_9)
FN:110,(anonymous_10)
FN:120,(anonymous_11)
FN:140,(anonymous_12)
FN:144,(anonymous_13)
FN:148,(anonymous_14)
FN:153,(anonymous_15)
FN:157,(anonymous_16)
FNF:17
FNH:10
FNDA:8,(anonymous_0)
FNDA:4,(anonymous_1)
FNDA:4,(anonymous_2)
FNDA:0,(anonymous_3)
FNDA:5,(anonymous_4)
FNDA:4,(anonymous_5)
FNDA:0,(anonymous_6)
FNDA:0,(anonymous_7)
FNDA:0,(anonymous_8)
FNDA:0,(anonymous_9)
FNDA:5,(anonymous_10)
FNDA:2,(anonymous_11)
FNDA:1,(anonymous_12)
FNDA:0,(anonymous_13)
FNDA:1,(anonymous_14)
FNDA:0,(anonymous_15)
FNDA:5,(anonymous_16)
DA:1,3
DA:5,3
DA:8,3
DA:9,3
DA:12,3
DA:15,3
DA:20,8
DA:28,8
DA:29,8
DA:30,8
DA:31,8
DA:35,4
DA:39,4
DA:43,0
DA:48,5
DA:49,5
DA:50,1
DA:54,4
DA:55,4
DA:56,1
DA:59,3
DA:60,3
DA:64,3
DA:65,3
DA:66,0
DA:68,3
DA:69,0
DA:72,3
DA:74,3
DA:76,3
DA:80,4
DA:81,4
DA:82,1
DA:88,0
DA:89,0
DA:93,0
DA:97,0
DA:98,0
DA:101,0
DA:105,3
DA:115,5
DA:116,5
DA:117,5
DA:122,2
DA:123,1
DA:126,1
DA:128,1
DA:129,1
DA:130,0
DA:133,1
DA:135,1
DA:137,1
DA:141,1
DA:145,0
DA:149,1
DA:150,1
DA:154,0
DA:158,5
LF:58
LH:46
BRDA:49,0,0,1
BRDA:49,0,1,4
BRDA:55,1,0,1
BRDA:55,1,1,3
BRDA:65,2,0,0
BRDA:65,2,1,3
BRDA:68,3,0,0
BRDA:68,3,1,3
BRDA:81,4,0,1
BRDA:81,4,1,3
BRDA:122,5,0,1
BRDA:122,5,1,1
BRDA:129,6,0,0
BRDA:129,6,1,1
BRF:14
BRH:11
end_of_record
TN:
SF:src\track_mux.ts
FN:20,(anonymous_0)
FN:22,(anonymous_1)
FN:54,(anonymous_2)
FN:64,(anonymous_3)
FN:81,(anonymous_4)
FN:88,(anonymous_5)
FN:92,(anonymous_6)
FN:96,(anonymous_7)
FN:108,(anonymous_8)
FN:153,(anonymous_9)
FNF:10
FNH:9
FNDA:13,(anonymous_0)
FNDA:6,(anonymous_1)
FNDA:1,(anonymous_2)
FNDA:1,(anonymous_3)
FNDA:2,(anonymous_4)
FNDA:1,(anonymous_5)
FNDA:0,(anonymous_6)
FNDA:6,(anonymous_7)
FNDA:4,(anonymous_8)
FNDA:2,(anonymous_9)
DA:2,2
DA:8,2
DA:15,2
DA:16,13
DA:17,13
DA:23,6
DA:25,6
DA:27,6
DA:28,0
DA:29,0
DA:32,6
DA:33,6
DA:34,0
DA:37,0
DA:41,6
DA:43,6
DA:45,6
DA:46,1
DA:47,1
DA:49,1
DA:50,1
DA:53,1
DA:54,1
DA:55,1
DA:56,0
DA:57,0
DA:60,1
DA:64,1
DA:65,1
DA:66,0
DA:68,1
DA:69,1
DA:73,1
DA:78,6
DA:81,6
DA:82,2
DA:84,2
DA:89,1
DA:93,0
DA:97,6
DA:98,6
DA:99,6
DA:100,4
DA:101,4
DA:103,2
DA:104,2
DA:113,4
DA:116,4
DA:117,4
DA:118,0
DA:119,0
DA:124,4
DA:125,4
DA:129,4
DA:130,4
DA:133,4
DA:136,4
DA:139,4
DA:140,4
DA:141,4
DA:146,2
DA:152,2
DA:154,2
LF:63
LH:53
BRDA:27,0,0,0
BRDA:27,0,1,6
BRDA:33,1,0,0
BRDA:33,1,1,6
BRDA:33,2,0,6
BRDA:33,2,1,0
BRDA:46,3,0,1
BRDA:46,3,1,0
BRDA:55,4,0,0
BRDA:55,4,1,1
BRDA:68,5,0,1
BRDA:68,5,1,0
BRDA:99,6,0,4
BRDA:99,6,1,2
BRDA:118,7,0,0
BRDA:118,7,1,0
BRDA:124,8,0,4
BRDA:124,8,1,0
BRDA:140,9,0,4
BRDA:140,9,1,0
BRF:20
BRH:10
end_of_record
TN:
SF:src\track_prefix.ts
FN:17,isValidPrefix
FN:27,validateTrackPrefix
FNF:2
FNH:2
FNDA:22,isValidPrefix
FNDA:14,validateTrackPrefix
DA:17,4
DA:18,22
DA:27,4
DA:28,14
DA:29,5
DA:31,9
LF:6
LH:6
BRDA:18,0,0,22
BRDA:18,0,1,15
BRDA:28,1,0,5
BRDA:28,1,1,9
BRF:4
BRH:4
end_of_record
TN:
SF:src\internal\cond.ts
FN:4,(anonymous_0)
FN:6,(anonymous_1)
FN:14,(anonymous_2)
FN:15,(anonymous_3)
FNF:4
FNH:4
FNDA:24,(anonymous_0)
FNDA:14,(anonymous_1)
FNDA:8,(anonymous_2)
FNDA:8,(anonymous_3)
DA:1,10
DA:2,24
DA:8,14
DA:9,14
DA:10,8
DA:15,8
DA:16,8
LF:7
LH:7
BRF:0
BRH:0
end_of_record
TN:
SF:src\internal\context.ts
FN:25,(anonymous_0)
FN:26,(anonymous_1)
FN:32,(anonymous_2)
FN:38,(anonymous_3)
FN:42,(anonymous_4)
FN:46,(anonymous_5)
FN:54,(anonymous_6)
FN:58,(anonymous_7)
FN:62,(anonymous_8)
FN:63,(anonymous_9)
FN:64,(anonymous_10)
FN:70,background
FN:74,withSignal
FN:77,(anonymous_13)
FN:77,(anonymous_14)
FN:79,(anonymous_15)
FN:97,withCancel
FN:99,(anonymous_17)
FN:102,withCancelCause
FN:104,(anonymous_19)
FN:107,withTimeout
FN:109,(anonymous_21)
FN:112,(anonymous_22)
FN:116,withPromise
FN:119,(anonymous_24)
FN:120,(anonymous_25)
FN:131,toAbortSignal
FN:133,(anonymous_27)
FNF:28
FNH:22
FNDA:126,(anonymous_0)
FNDA:126,(anonymous_1)
FNDA:12,(anonymous_2)
FNDA:176,(anonymous_3)
FNDA:53,(anonymous_4)
FNDA:75,(anonymous_5)
FNDA:11,(anonymous_6)
FNDA:0,(anonymous_7)
FNDA:0,(anonymous_8)
FNDA:0,(anonymous_9)
FNDA:0,(anonymous_10)
FNDA:107,background
FNDA:3,withSignal
FNDA:2,(anonymous_13)
FNDA:1,(anonymous_14)
FNDA:2,(anonymous_15)
FNDA:26,withCancel
FNDA:7,(anonymous_17)
FNDA:60,withCancelCause
FNDA:39,(anonymous_19)
FNDA:3,withTimeout
FNDA:1,(anonymous_21)
FNDA:2,(anonymous_22)
FNDA:23,withPromise
FNDA:12,(anonymous_24)
FNDA:2,(anonymous_25)
FNDA:0,toAbortSignal
FNDA:0,(anonymous_27)
DA:16,11
DA:17,11
DA:23,126
DA:26,126
DA:27,126
DA:30,126
DA:32,115
DA:33,12
DA:39,176
DA:43,53
DA:47,75
DA:48,71
DA:49,71
DA:50,71
DA:54,11
DA:55,11
DA:57,11
DA:58,0
DA:59,0
DA:61,0
DA:62,0
DA:63,0
DA:64,0
DA:66,11
DA:70,11
DA:71,107
DA:74,11
DA:75,3
DA:77,3
DA:79,3
DA:80,2
DA:87,3
DA:88,1
DA:90,2
DA:92,2
DA:94,3
DA:97,11
DA:98,26
DA:99,26
DA:102,11
DA:103,60
DA:104,60
DA:107,11
DA:108,3
DA:109,3
DA:110,1
DA:112,3
DA:113,3
DA:116,11
DA:117,23
DA:118,23
DA:119,12
DA:121,2
DA:122,2
DA:125,23
DA:131,11
DA:132,0
DA:133,0
DA:134,0
DA:135,0
DA:137,0
DA:138,0
DA:140,0
DA:143,0
DA:146,0
LF:65
LH:50
BRDA:30,0,0,115
BRDA:30,0,1,11
BRDA:47,1,0,4
BRDA:47,1,1,71
BRDA:57,2,0,0
BRDA:57,2,1,11
BRDA:57,3,0,11
BRDA:57,3,1,0
BRDA:81,4,0,2
BRDA:81,4,1,0
BRDA:87,5,0,1
BRDA:87,5,1,2
BRDA:121,6,0,1
BRDA:121,6,1,1
BRDA:135,7,0,0
BRDA:135,7,1,0
BRF:16
BRH:11
end_of_record
TN:
SF:src\internal\extensions.ts
FN:4,(anonymous_0)
FN:8,(anonymous_1)
FN:12,(anonymous_2)
FN:16,(anonymous_3)
FN:20,(anonymous_4)
FN:24,(anonymous_5)
FN:29,(anonymous_6)
FN:38,(anonymous_7)
FN:45,(anonymous_8)
FN:54,(anonymous_9)
FN:59,(anonymous_10)
FNF:11
FNH:11
FNDA:73,(anonymous_0)
FNDA:8,(anonymous_1)
FNDA:3,(anonymous_2)
FNDA:19,(anonymous_3)
FNDA:12,(anonymous_4)
FNDA:120,(anonymous_5)
FNDA:115,(anonymous_6)
FNDA:7,(anonymous_7)
FNDA:8,(anonymous_8)
FNDA:5,(anonymous_9)
FNDA:5,(anonymous_10)
DA:1,10
DA:5,73
DA:9,8
DA:13,3
DA:17,19
DA:21,12
DA:25,120
DA:26,120
DA:30,115
DA:31,115
DA:32,114
DA:33,114
DA:35,1
DA:39,7
DA:40,7
DA:41,7
DA:42,7
DA:46,8
DA:47,8
DA:48,6
DA:49,6
DA:51,2
DA:55,5
DA:56,5
DA:60,5
DA:61,5
DA:62,3
DA:64,2
LF:28
LH:28
BRDA:31,0,0,114
BRDA:31,0,1,1
BRDA:47,1,0,6
BRDA:47,1,1,2
BRDA:47,2,0,8
BRDA:47,2,1,7
BRDA:55,3,0,3
BRDA:55,3,1,2
BRDA:61,4,0,3
BRDA:61,4,1,2
BRDA:61,5,0,5
BRDA:61,5,1,4
BRF:12
BRH:12
end_of_record
TN:
SF:src\internal\mutex.ts
FN:4,(anonymous_0)
FN:8,(anonymous_1)
FN:13,(anonymous_2)
FNF:3
FNH:3
FNDA:33,(anonymous_0)
FNDA:241,(anonymous_1)
FNDA:241,(anonymous_2)
DA:1,10
DA:5,33
DA:9,241
DA:13,241
DA:14,241
DA:17,241
DA:18,241
LF:7
LH:7
BRF:0
BRH:0
end_of_record
TN:
SF:src\internal\queue.ts
FN:9,(anonymous_0)
FN:22,(anonymous_1)
FN:46,(anonymous_2)
FN:61,(anonymous_3)
FN:67,(anonymous_4)
FN:78,(anonymous_5)
FNF:6
FNH:6
FNDA:20,(anonymous_0)
FNDA:21,(anonymous_1)
FNDA:5,(anonymous_2)
FNDA:14,(anonymous_3)
FNDA:14,(anonymous_4)
FNDA:15,(anonymous_5)
DA:1,9
DA:3,9
DA:4,15
DA:6,15
DA:7,15
DA:10,20
DA:11,20
DA:13,20
DA:14,4
DA:15,4
DA:16,4
DA:19,20
DA:23,21
DA:24,29
DA:27,29
DA:28,18
DA:29,18
DA:32,18
DA:33,0
DA:35,18
DA:38,11
DA:39,3
DA:40,3
DA:44,8
DA:46,5
DA:47,5
DA:49,5
DA:52,8
DA:55,8
DA:57,8
DA:62,14
DA:63,0
DA:65,14
DA:67,14
DA:68,14
DA:69,1
DA:70,1
DA:71,1
DA:74,14
DA:79,15
LF:40
LH:38
BRDA:13,0,0,4
BRDA:13,0,1,16
BRDA:27,1,0,18
BRDA:27,1,1,11
BRDA:32,2,0,0
BRDA:32,2,1,18
BRDA:38,3,0,3
BRDA:38,3,1,8
BRDA:44,4,0,5
BRDA:44,4,1,3
BRDA:62,5,0,0
BRDA:62,5,1,14
BRDA:68,6,0,1
BRDA:68,6,1,13
BRF:14
BRH:12
end_of_record
TN:
SF:src\internal\version.ts
FNF:0
FNH:0
DA:3,9
DA:7,9
DA:9,9
LF:3
LH:3
BRF:0
BRH:0
end_of_record
TN:
SF:src\io\buffer_pool.ts
FN:28,(anonymous_0)
FN:45,(anonymous_1)
FN:65,(anonymous_2)
FN:86,(anonymous_3)
FNF:4
FNH:4
FNDA:23,(anonymous_0)
FNDA:252,(anonymous_1)
FNDA:5,(anonymous_2)
FNDA:1,(anonymous_3)
DA:7,18
DA:19,18
DA:29,23
DA:30,23
DA:31,0
DA:33,23
DA:34,0
DA:36,23
DA:37,23
DA:38,23
DA:39,23
DA:40,23
DA:41,23
DA:42,23
DA:48,252
DA:49,0
DA:50,252
DA:51,7
DA:52,245
DA:53,245
DA:55,0
DA:57,252
DA:58,252
DA:59,1
DA:60,1
DA:62,251
DA:66,5
DA:67,5
DA:68,5
DA:70,5
DA:71,5
DA:72,0
DA:73,0
DA:74,0
DA:75,5
DA:76,5
DA:77,5
DA:78,0
DA:79,0
DA:81,5
DA:82,5
DA:87,1
DA:88,3
DA:91,1
DA:96,18
LF:45
LH:36
BRDA:30,0,0,0
BRDA:30,0,1,23
BRDA:30,1,0,23
BRDA:30,1,1,23
BRDA:30,1,2,23
BRDA:33,2,0,0
BRDA:33,2,1,23
BRDA:33,3,0,23
BRDA:33,3,1,23
BRDA:40,4,0,23
BRDA:40,4,1,22
BRDA:41,5,0,23
BRDA:41,5,1,22
BRDA:48,6,0,0
BRDA:48,6,1,252
BRDA:50,7,0,7
BRDA:50,7,1,245
BRDA:52,8,0,245
BRDA:52,8,1,0
BRDA:58,9,0,1
BRDA:58,9,1,251
BRDA:68,10,0,0
BRDA:68,10,1,5
BRDA:70,11,0,5
BRDA:70,11,1,0
BRDA:72,12,0,0
BRDA:72,12,1,0
BRDA:75,13,0,0
BRDA:75,13,1,5
BRDA:75,14,0,5
BRDA:75,14,1,1
BRDA:77,15,0,0
BRDA:77,15,1,5
BRF:33
BRH:23
end_of_record
TN:
SF:src\io\bytes.ts
FN:12,(anonymous_0)
FN:18,(anonymous_1)
FN:23,(anonymous_2)
FN:27,(anonymous_3)
FN:31,(anonymous_4)
FN:35,(anonymous_5)
FN:40,(anonymous_6)
FN:54,(anonymous_7)
FN:66,(anonymous_8)
FN:73,(anonymous_9)
FN:79,(anonymous_10)
FN:100,(anonymous_11)
FN:109,writeVarint
FN:151,writeBigVarint
FN:188,writeUint8Array
FN:214,writeString
FN:220,readVarint
FN:236,readBigVarint
FN:252,readUint8Array
FN:262,readString
FNF:20
FNH:11
FNDA:254,(anonymous_0)
FNDA:0,(anonymous_1)
FNDA:98,(anonymous_2)
FNDA:1776,(anonymous_3)
FNDA:477,(anonymous_4)
FNDA:198,(anonymous_5)
FNDA:87,(anonymous_6)
FNDA:417,(anonymous_7)
FNDA:433,(anonymous_8)
FNDA:36,(anonymous_9)
FNDA:470,(anonymous_10)
FNDA:1,(anonymous_11)
FNDA:0,writeVarint
FNDA:0,writeBigVarint
FNDA:0,writeUint8Array
FNDA:0,writeString
FNDA:0,readVarint
FNDA:0,readBigVarint
FNDA:0,readUint8Array
FNDA:0,readString
DA:1,19
DA:3,19
DA:5,19
DA:7,19
DA:13,254
DA:14,254
DA:15,254
DA:19,0
DA:20,0
DA:24,98
DA:28,1776
DA:32,477
DA:36,198
DA:37,198
DA:41,87
DA:42,87
DA:43,87
DA:44,3
DA:46,84
DA:47,84
DA:48,84
DA:49,46
DA:51,84
DA:55,417
DA:56,0
DA:58,417
DA:59,417
DA:60,417
DA:61,57
DA:63,417
DA:67,433
DA:68,433
DA:69,433
DA:70,433
DA:74,36
DA:75,36
DA:76,36
DA:80,470
DA:81,0
DA:83,470
DA:84,470
DA:86,2
DA:88,2
DA:89,2
DA:90,468
DA:92,0
DA:96,470
DA:97,470
DA:101,1
DA:102,1
DA:103,1
DA:104,1
DA:105,1
DA:109,19
DA:110,0
DA:111,0
DA:116,0
DA:117,0
DA:118,0
DA:119,0
DA:120,0
DA:121,0
DA:122,0
DA:123,0
DA:124,0
DA:125,0
DA:126,0
DA:127,0
DA:128,0
DA:129,0
DA:130,0
DA:131,0
DA:134,0
DA:135,0
DA:137,0
DA:138,0
DA:139,0
DA:140,0
DA:141,0
DA:142,0
DA:143,0
DA:144,0
DA:145,0
DA:146,0
DA:147,0
DA:151,19
DA:152,0
DA:153,0
DA:156,0
DA:157,0
DA:158,0
DA:159,0
DA:160,0
DA:161,0
DA:162,0
DA:163,0
DA:164,0
DA:165,0
DA:166,0
DA:167,0
DA:168,0
DA:169,0
DA:170,0
DA:171,0
DA:172,0
DA:173,0
DA:174,0
DA:175,0
DA:176,0
DA:177,0
DA:178,0
DA:179,0
DA:180,0
DA:181,0
DA:182,0
DA:185,0
DA:188,19
DA:189,0
DA:195,0
DA:196,0
DA:197,0
DA:198,0
DA:199,0
DA:200,0
DA:202,0
DA:205,0
DA:208,0
DA:210,0
DA:211,0
DA:214,19
DA:215,0
DA:216,0
DA:217,0
DA:220,19
DA:221,0
DA:222,0
DA:224,0
DA:225,0
DA:226,0
DA:227,0
DA:229,0
DA:230,0
DA:231,0
DA:233,0
DA:236,19
DA:237,0
DA:238,0
DA:240,0
DA:241,0
DA:242,0
DA:243,0
DA:245,0
DA:246,0
DA:247,0
DA:249,0
DA:252,19
DA:254,0
DA:255,0
DA:256,0
DA:257,0
DA:258,0
DA:259,0
DA:262,19
DA:263,0
DA:264,0
DA:265,0
LF:166
LH:56
BRDA:43,0,0,3
BRDA:43,0,1,84
BRDA:48,1,0,46
BRDA:48,1,1,38
BRDA:55,2,0,0
BRDA:55,2,1,417
BRDA:60,3,0,57
BRDA:60,3,1,360
BRDA:80,4,0,0
BRDA:80,4,1,470
BRDA:84,5,0,2
BRDA:84,5,1,468
BRDA:90,6,0,0
BRDA:90,6,1,468
BRDA:109,7,0,0
BRDA:110,8,0,0
BRDA:110,8,1,0
BRDA:116,9,0,0
BRDA:116,9,1,0
BRDA:117,10,0,0
BRDA:117,10,1,0
BRDA:120,11,0,0
BRDA:120,11,1,0
BRDA:121,12,0,0
BRDA:121,12,1,0
BRDA:125,13,0,0
BRDA:125,13,1,0
BRDA:126,14,0,0
BRDA:126,14,1,0
BRDA:134,15,0,0
BRDA:134,15,1,0
BRDA:137,16,0,0
BRDA:137,16,1,0
BRDA:151,17,0,0
BRDA:152,18,0,0
BRDA:152,18,1,0
BRDA:156,19,0,0
BRDA:156,19,1,0
BRDA:157,20,0,0
BRDA:157,20,1,0
BRDA:160,21,0,0
BRDA:160,21,1,0
BRDA:161,22,0,0
BRDA:161,22,1,0
BRDA:165,23,0,0
BRDA:165,23,1,0
BRDA:166,24,0,0
BRDA:166,24,1,0
BRDA:172,25,0,0
BRDA:172,25,1,0
BRDA:173,26,0,0
BRDA:173,26,1,0
BRDA:188,27,0,0
BRDA:195,28,0,0
BRDA:195,28,1,0
BRDA:197,29,0,0
BRDA:197,29,1,0
BRDA:199,30,0,0
BRDA:199,30,1,0
BRDA:205,31,0,0
BRDA:205,31,1,0
BRDA:214,32,0,0
BRDA:220,33,0,0
BRDA:221,34,0,0
BRDA:221,34,1,0
BRDA:226,35,0,0
BRDA:226,35,1,0
BRDA:236,36,0,0
BRDA:237,37,0,0
BRDA:237,37,1,0
BRDA:242,38,0,0
BRDA:242,38,1,0
BRDA:252,39,0,0
BRDA:255,40,0,0
BRDA:255,40,1,0
BRDA:257,41,0,0
BRDA:257,41,1,0
BRDA:262,42,0,0
BRF:78
BRH:11
end_of_record
TN:
SF:src\io\error.ts
FN:8,(anonymous_0)
FNF:1
FNH:1
FNDA:41,(anonymous_0)
DA:3,23
DA:9,41
DA:10,41
DA:11,41
DA:12,41
DA:13,41
LF:6
LH:6
BRDA:8,0,0,34
BRF:1
BRH:1
end_of_record
TN:
SF:src\io\len.ts
FN:6,varintLen
FN:27,stringLen
FN:34,bytesLen
FNF:3
FNH:3
FNDA:150,varintLen
FNDA:30,stringLen
FNDA:16,bytesLen
DA:1,22
DA:2,22
DA:3,22
DA:4,22
DA:6,22
DA:8,150
DA:9,0
DA:11,150
DA:14,150
DA:15,125
DA:16,25
DA:17,12
DA:18,13
DA:19,0
DA:20,13
DA:21,13
DA:24,0
DA:27,22
DA:28,30
DA:29,30
DA:30,30
DA:31,30
DA:34,22
DA:35,16
DA:36,16
DA:37,16
DA:38,16
LF:27
LH:24
BRDA:8,0,0,0
BRDA:8,0,1,150
BRDA:14,1,0,125
BRDA:14,1,1,25
BRDA:16,2,0,12
BRDA:16,2,1,13
BRDA:18,3,0,0
BRDA:18,3,1,13
BRDA:20,4,0,13
BRDA:20,4,1,0
BRF:10
BRH:7
end_of_record
TN:
SF:src\io\reader.ts
FN:126,(anonymous_0)
FN:134,(anonymous_1)
FN:161,(anonymous_2)
FN:175,(anonymous_3)
FN:201,(anonymous_4)
FN:227,(anonymous_5)
FN:240,(anonymous_6)
FN:252,(anonymous_7)
FN:279,(anonymous_8)
FN:303,(anonymous_9)
FN:338,(anonymous_10)
FN:342,(anonymous_11)
FNF:12
FNH:12
FNDA:129,(anonymous_0)
FNDA:93,(anonymous_1)
FNDA:68,(anonymous_2)
FNDA:134,(anonymous_3)
FNDA:105,(anonymous_4)
FNDA:37,(anonymous_5)
FNDA:28,(anonymous_6)
FNDA:18,(anonymous_7)
FNDA:108,(anonymous_8)
FNDA:90,(anonymous_9)
FNDA:3,(anonymous_10)
FNDA:1,(anonymous_11)
DA:1,17
DA:3,17
DA:6,17
DA:120,17
DA:127,129
DA:129,129
DA:131,129
DA:137,93
DA:138,93
DA:139,2
DA:142,91
DA:143,1
DA:147,90
DA:148,0
DA:150,90
DA:153,90
DA:154,90
DA:155,0
DA:158,90
DA:162,68
DA:163,68
DA:164,68
DA:165,68
DA:166,1
DA:168,67
DA:169,0
DA:171,67
DA:172,67
DA:176,134
DA:177,134
DA:178,134
DA:179,50
DA:180,50
DA:181,0
DA:184,134
DA:185,134
DA:186,134
DA:187,134
DA:188,134
DA:189,2
DA:190,2
DA:191,2
DA:194,132
DA:196,9
DA:198,132
DA:202,105
DA:203,105
DA:204,30
DA:205,30
DA:206,0
DA:209,105
DA:210,105
DA:211,105
DA:212,105
DA:213,105
DA:214,2
DA:215,2
DA:216,2
DA:217,1
DA:220,104
DA:222,134
DA:224,104
DA:229,37
DA:230,24
DA:231,24
DA:232,3
DA:236,34
DA:237,34
DA:241,28
DA:242,28
DA:243,1
DA:246,27
DA:247,1
DA:249,26
DA:253,18
DA:254,18
DA:255,18
DA:256,18
DA:257,0
DA:260,18
DA:261,18
DA:262,0
DA:263,0
DA:266,18
DA:267,18
DA:268,47
DA:269,47
DA:270,47
DA:271,0
DA:273,47
DA:276,18
DA:280,108
DA:281,0
DA:284,108
DA:286,108
DA:287,108
DA:288,108
DA:289,6
DA:292,102
DA:293,0
DA:296,102
DA:297,102
DA:300,102
DA:306,90
DA:307,90
DA:308,85
DA:309,85
DA:312,90
DA:313,2
DA:314,2
DA:315,0
DA:317,2
DA:319,0
DA:322,2
DA:323,2
DA:325,2
DA:326,2
DA:328,2
DA:330,0
DA:331,0
DA:335,90
DA:339,3
DA:343,1
LF:123
LH:108
BRDA:129,0,0,129
BRDA:129,0,1,129
BRDA:138,1,0,2
BRDA:138,1,1,91
BRDA:142,2,0,1
BRDA:142,2,1,90
BRDA:147,3,0,0
BRDA:147,3,1,90
BRDA:147,4,0,90
BRDA:147,4,1,0
BRDA:154,5,0,0
BRDA:154,5,1,90
BRDA:165,6,0,1
BRDA:165,6,1,67
BRDA:168,7,0,0
BRDA:168,7,1,67
BRDA:178,8,0,50
BRDA:178,8,1,84
BRDA:180,9,0,0
BRDA:180,9,1,50
BRDA:188,10,0,2
BRDA:188,10,1,132
BRDA:190,11,0,2
BRDA:190,11,1,0
BRDA:203,12,0,30
BRDA:203,12,1,75
BRDA:205,13,0,0
BRDA:205,13,1,30
BRDA:213,14,0,2
BRDA:213,14,1,103
BRDA:216,15,0,1
BRDA:216,15,1,1
BRDA:229,16,0,24
BRDA:229,16,1,13
BRDA:231,17,0,3
BRDA:231,17,1,21
BRDA:242,18,0,1
BRDA:242,18,1,27
BRDA:246,19,0,1
BRDA:246,19,1,26
BRDA:246,20,0,27
BRDA:246,20,1,27
BRDA:256,21,0,0
BRDA:256,21,1,18
BRDA:261,22,0,0
BRDA:261,22,1,18
BRDA:270,23,0,0
BRDA:270,23,1,47
BRDA:280,24,0,0
BRDA:280,24,1,108
BRDA:288,25,0,6
BRDA:288,25,1,102
BRDA:292,26,0,0
BRDA:292,26,1,102
BRDA:292,27,0,102
BRDA:292,27,1,102
BRDA:307,28,0,85
BRDA:307,28,1,5
BRDA:314,29,0,0
BRDA:314,29,1,2
BRDA:317,30,0,0
BRDA:317,30,1,2
BRDA:317,31,0,2
BRDA:317,31,1,2
BRDA:328,32,0,0
BRDA:328,32,1,2
BRF:66
BRH:51
end_of_record
TN:
SF:src\io\writer.ts
FN:142,(anonymous_0)
FN:149,(anonymous_1)
FN:156,(anonymous_2)
FN:164,(anonymous_3)
FN:170,(anonymous_4)
FN:208,(anonymous_5)
FN:246,(anonymous_6)
FN:250,(anonymous_7)
FN:257,(anonymous_8)
FN:262,(anonymous_9)
FN:276,(anonymous_10)
FN:280,(anonymous_11)
FN:284,(anonymous_12)
FNF:13
FNH:12
FNDA:115,(anonymous_0)
FNDA:1,(anonymous_1)
FNDA:90,(anonymous_2)
FNDA:67,(anonymous_3)
FNDA:148,(anonymous_4)
FNDA:87,(anonymous_5)
FNDA:30,(anonymous_6)
FNDA:18,(anonymous_7)
FNDA:0,(anonymous_8)
FNDA:95,(anonymous_9)
FNDA:115,(anonymous_10)
FNDA:1,(anonymous_11)
FNDA:1,(anonymous_12)
DA:1,17
DA:2,17
DA:4,17
DA:137,17
DA:143,115
DA:144,115
DA:146,115
DA:150,1
DA:151,0
DA:153,1
DA:157,90
DA:158,1
DA:160,89
DA:161,89
DA:165,67
DA:166,67
DA:167,67
DA:171,148
DA:172,0
DA:174,148
DA:176,146
DA:177,2
DA:179,2
DA:180,2
DA:181,2
DA:182,2
DA:183,0
DA:185,0
DA:186,0
DA:187,0
DA:188,0
DA:189,0
DA:190,0
DA:191,0
DA:193,0
DA:194,0
DA:195,0
DA:196,0
DA:197,0
DA:198,0
DA:199,0
DA:200,0
DA:201,0
DA:202,0
DA:204,0
DA:209,87
DA:210,1
DA:212,86
DA:214,29
DA:215,57
DA:217,29
DA:218,29
DA:219,29
DA:220,29
DA:221,28
DA:223,21
DA:224,21
DA:225,21
DA:226,21
DA:227,21
DA:228,21
DA:229,7
DA:231,6
DA:232,6
DA:233,6
DA:234,6
DA:235,6
DA:236,6
DA:237,6
DA:238,6
DA:239,6
DA:240,6
DA:242,1
DA:247,30
DA:251,18
DA:252,18
DA:253,47
DA:258,0
DA:259,0
DA:263,95
DA:264,94
DA:265,94
DA:267,0
DA:269,94
DA:273,95
DA:277,115
DA:281,1
DA:285,1
LF:88
LH:64
BRDA:142,0,0,115
BRDA:150,1,0,0
BRDA:150,1,1,1
BRDA:150,2,0,1
BRDA:150,2,1,1
BRDA:157,3,0,1
BRDA:157,3,1,89
BRDA:171,4,0,0
BRDA:171,4,1,148
BRDA:174,5,0,146
BRDA:174,5,1,2
BRDA:177,6,0,2
BRDA:177,6,1,0
BRDA:183,7,0,0
BRDA:183,7,1,0
BRDA:191,8,0,0
BRDA:191,8,1,0
BRDA:209,9,0,1
BRDA:209,9,1,86
BRDA:212,10,0,29
BRDA:212,10,1,57
BRDA:215,11,0,29
BRDA:215,11,1,28
BRDA:221,12,0,21
BRDA:221,12,1,7
BRDA:229,13,0,6
BRDA:229,13,1,1
BRDA:247,14,0,18
BRDA:247,14,1,12
BRDA:263,15,0,94
BRDA:263,15,1,1
BRF:31
BRH:24
end_of_record
TN:
SF:src\message\announce.ts
FN:13,(anonymous_0)
FN:18,(anonymous_1)
FN:22,(anonymous_2)
FN:29,(anonymous_3)
FNF:4
FNH:4
FNDA:2,(anonymous_0)
FNDA:2,(anonymous_1)
FNDA:1,(anonymous_2)
FNDA:1,(anonymous_3)
DA:2,6
DA:9,6
DA:14,2
DA:15,2
DA:19,2
DA:23,1
DA:24,1
DA:25,1
DA:26,1
DA:30,1
DA:31,1
DA:32,0
DA:34,1
DA:35,1
DA:36,0
DA:38,1
DA:39,1
DA:40,0
DA:43,1
DA:44,0
DA:47,1
LF:21
LH:17
BRDA:14,0,0,2
BRDA:14,0,1,1
BRDA:15,1,0,2
BRDA:15,1,1,1
BRDA:31,2,0,0
BRDA:31,2,1,1
BRDA:35,3,0,0
BRDA:35,3,1,1
BRDA:39,4,0,0
BRDA:39,4,1,1
BRDA:43,5,0,0
BRDA:43,5,1,1
BRF:12
BRH:8
end_of_record
TN:
SF:src\message\announce_init.ts
FN:11,(anonymous_0)
FN:15,(anonymous_1)
FN:24,(anonymous_2)
FN:30,(anonymous_3)
FNF:4
FNH:4
FNDA:14,(anonymous_0)
FNDA:13,(anonymous_1)
FNDA:8,(anonymous_2)
FNDA:5,(anonymous_3)
DA:2,6
DA:8,6
DA:12,14
DA:16,13
DA:17,13
DA:18,13
DA:19,22
DA:21,13
DA:25,8
DA:26,8
DA:27,8
DA:31,5
DA:32,5
DA:33,0
DA:35,5
DA:36,5
DA:37,0
DA:40,5
DA:41,0
DA:44,5
LF:20
LH:17
BRDA:12,0,0,14
BRDA:12,0,1,5
BRDA:32,1,0,0
BRDA:32,1,1,5
BRDA:36,2,0,0
BRDA:36,2,1,5
BRDA:40,3,0,0
BRDA:40,3,1,5
BRF:8
BRH:5
end_of_record
TN:
SF:src\message\announce_please.ts
FN:11,(anonymous_0)
FN:15,(anonymous_1)
FN:19,(anonymous_2)
FN:25,(anonymous_3)
FNF:4
FNH:4
FNDA:2,(anonymous_0)
FNDA:2,(anonymous_1)
FNDA:1,(anonymous_2)
FNDA:1,(anonymous_3)
DA:2,6
DA:8,6
DA:12,2
DA:16,2
DA:20,1
DA:21,1
DA:22,1
DA:26,1
DA:27,1
DA:28,0
DA:31,1
DA:32,1
DA:33,0
DA:36,1
DA:37,0
DA:40,1
LF:16
LH:13
BRDA:12,0,0,2
BRDA:12,0,1,1
BRDA:27,1,0,0
BRDA:27,1,1,1
BRDA:32,2,0,0
BRDA:32,2,1,1
BRDA:36,3,0,0
BRDA:36,3,1,1
BRF:8
BRH:5
end_of_record
TN:
SF:src\message\group.ts
FN:14,(anonymous_0)
FN:19,(anonymous_1)
FN:23,(anonymous_2)
FN:30,(anonymous_3)
FNF:4
FNH:4
FNDA:2,(anonymous_0)
FNDA:2,(anonymous_1)
FNDA:1,(anonymous_2)
FNDA:1,(anonymous_3)
DA:2,6
DA:10,6
DA:15,2
DA:16,2
DA:20,2
DA:24,1
DA:25,1
DA:26,1
DA:27,1
DA:31,1
DA:32,1
DA:33,0
DA:36,1
DA:37,1
DA:38,0
DA:41,1
DA:42,1
DA:43,0
DA:46,1
DA:47,0
DA:50,1
LF:21
LH:17
BRDA:15,0,0,2
BRDA:15,0,1,1
BRDA:16,1,0,2
BRDA:16,1,1,1
BRDA:32,2,0,0
BRDA:32,2,1,1
BRDA:37,3,0,0
BRDA:37,3,1,1
BRDA:42,4,0,0
BRDA:42,4,1,1
BRDA:46,5,0,0
BRDA:46,5,1,1
BRF:12
BRH:8
end_of_record
TN:
SF:src\message\session_client.ts
FN:15,(anonymous_0)
FN:20,(anonymous_1)
FN:34,(anonymous_2)
FN:48,(anonymous_3)
FNF:4
FNH:4
FNDA:26,(anonymous_0)
FNDA:15,(anonymous_1)
FNDA:6,(anonymous_2)
FNDA:6,(anonymous_3)
DA:1,6
DA:4,6
DA:11,6
DA:16,26
DA:17,26
DA:21,15
DA:22,15
DA:23,15
DA:24,21
DA:26,15
DA:27,15
DA:28,12
DA:29,12
DA:31,15
DA:35,6
DA:36,6
DA:37,6
DA:38,8
DA:40,6
DA:41,6
DA:42,5
DA:43,5
DA:45,6
DA:49,6
DA:50,6
DA:51,0
DA:54,6
DA:55,6
DA:56,0
DA:58,6
DA:59,0
DA:61,6
DA:62,0
DA:64,6
DA:65,6
DA:67,8
DA:68,8
DA:69,0
DA:71,8
DA:74,6
DA:75,6
DA:76,0
DA:78,6
DA:79,0
DA:81,6
DA:82,0
DA:84,6
DA:85,0
DA:87,6
DA:90,6
DA:91,5
DA:92,5
DA:93,0
DA:96,5
DA:97,5
DA:98,0
DA:100,5
DA:101,0
DA:103,5
DA:106,6
DA:107,6
DA:109,6
DA:110,0
DA:113,6
LF:64
LH:51
BRDA:16,0,0,26
BRDA:16,0,1,6
BRDA:17,1,0,26
BRDA:17,1,1,7
BRDA:50,2,0,0
BRDA:50,2,1,6
BRDA:55,3,0,0
BRDA:55,3,1,6
BRDA:58,4,0,0
BRDA:58,4,1,6
BRDA:61,5,0,0
BRDA:61,5,1,6
BRDA:68,6,0,0
BRDA:68,6,1,8
BRDA:75,7,0,0
BRDA:75,7,1,6
BRDA:78,8,0,0
BRDA:78,8,1,6
BRDA:81,9,0,0
BRDA:81,9,1,6
BRDA:84,10,0,0
BRDA:84,10,1,6
BRDA:92,11,0,0
BRDA:92,11,1,5
BRDA:97,12,0,0
BRDA:97,12,1,5
BRDA:100,13,0,0
BRDA:100,13,1,5
BRDA:109,14,0,0
BRDA:109,14,1,6
BRF:30
BRH:17
end_of_record
TN:
SF:src\message\session_server.ts
FN:15,(anonymous_0)
FN:20,(anonymous_1)
FN:31,(anonymous_2)
FN:43,(anonymous_3)
FNF:4
FNH:4
FNDA:11,(anonymous_0)
FNDA:2,(anonymous_1)
FNDA:1,(anonymous_2)
FNDA:1,(anonymous_3)
DA:2,6
DA:4,6
DA:11,6
DA:16,11
DA:17,11
DA:21,2
DA:22,2
DA:23,2
DA:24,2
DA:25,4
DA:26,4
DA:28,2
DA:32,1
DA:33,1
DA:34,1
DA:35,1
DA:36,2
DA:37,2
DA:39,1
DA:44,1
DA:45,1
DA:46,0
DA:49,1
DA:50,1
DA:51,0
DA:55,1
DA:56,1
DA:57,0
DA:60,1
DA:63,1
DA:64,2
DA:65,2
DA:66,0
DA:69,2
DA:70,2
DA:71,0
DA:73,2
DA:74,0
DA:76,2
DA:79,1
DA:81,1
DA:82,0
DA:85,1
LF:43
LH:36
BRDA:16,0,0,11
BRDA:16,0,1,1
BRDA:17,1,0,11
BRDA:17,1,1,1
BRDA:45,2,0,0
BRDA:45,2,1,1
BRDA:50,3,0,0
BRDA:50,3,1,1
BRDA:56,4,0,0
BRDA:56,4,1,1
BRDA:65,5,0,0
BRDA:65,5,1,2
BRDA:70,6,0,0
BRDA:70,6,1,2
BRDA:73,7,0,0
BRDA:73,7,1,2
BRDA:81,8,0,0
BRDA:81,8,1,1
BRF:18
BRH:11
end_of_record
TN:
SF:src\message\session_update.ts
FN:11,(anonymous_0)
FN:15,(anonymous_1)
FN:19,(anonymous_2)
FN:25,(anonymous_3)
FNF:4
FNH:4
FNDA:14,(anonymous_0)
FNDA:2,(anonymous_1)
FNDA:1,(anonymous_2)
FNDA:1,(anonymous_3)
DA:2,6
DA:8,6
DA:12,14
DA:16,2
DA:20,1
DA:21,1
DA:22,1
DA:26,1
DA:27,1
DA:28,0
DA:30,1
DA:31,1
DA:32,0
DA:35,1
DA:36,0
DA:39,1
LF:16
LH:13
BRDA:12,0,0,14
BRDA:12,0,1,10
BRDA:27,1,0,0
BRDA:27,1,1,1
BRDA:31,2,0,0
BRDA:31,2,1,1
BRDA:35,3,0,0
BRDA:35,3,1,1
BRF:8
BRH:5
end_of_record
TN:
SF:src\message\subscribe.ts
FN:22,(anonymous_0)
FN:31,(anonymous_1)
FN:43,(anonymous_2)
FN:54,(anonymous_3)
FNF:4
FNH:4
FNDA:2,(anonymous_0)
FNDA:2,(anonymous_1)
FNDA:1,(anonymous_2)
FNDA:1,(anonymous_3)
DA:2,6
DA:14,6
DA:23,2
DA:24,2
DA:25,2
DA:26,2
DA:27,2
DA:28,2
DA:32,2
DA:44,1
DA:45,1
DA:46,1
DA:47,1
DA:48,1
DA:49,1
DA:50,1
DA:51,1
DA:55,1
DA:56,1
DA:57,0
DA:59,1
DA:60,1
DA:61,0
DA:63,1
DA:64,1
DA:65,0
DA:67,1
DA:68,1
DA:69,0
DA:71,1
DA:72,1
DA:73,0
DA:75,1
DA:76,1
DA:77,0
DA:79,1
DA:80,1
DA:81,0
DA:84,1
DA:85,0
DA:88,1
LF:41
LH:33
BRDA:23,0,0,2
BRDA:23,0,1,1
BRDA:24,1,0,2
BRDA:24,1,1,1
BRDA:25,2,0,2
BRDA:25,2,1,1
BRDA:26,3,0,2
BRDA:26,3,1,1
BRDA:27,4,0,2
BRDA:27,4,1,1
BRDA:28,5,0,2
BRDA:28,5,1,1
BRDA:56,6,0,0
BRDA:56,6,1,1
BRDA:60,7,0,0
BRDA:60,7,1,1
BRDA:64,8,0,0
BRDA:64,8,1,1
BRDA:68,9,0,0
BRDA:68,9,1,1
BRDA:72,10,0,0
BRDA:72,10,1,1
BRDA:76,11,0,0
BRDA:76,11,1,1
BRDA:80,12,0,0
BRDA:80,12,1,1
BRDA:84,13,0,0
BRDA:84,13,1,1
BRF:28
BRH:20
end_of_record
TN:
SF:src\message\subscribe_ok.ts
FN:8,(anonymous_0)
FN:10,(anonymous_1)
FN:14,(anonymous_2)
FN:19,(anonymous_3)
FNF:4
FNH:4
FNDA:2,(anonymous_0)
FNDA:2,(anonymous_1)
FNDA:1,(anonymous_2)
FNDA:1,(anonymous_3)
DA:6,6
DA:11,2
DA:15,1
DA:16,1
DA:20,1
DA:21,1
DA:22,0
DA:25,1
DA:26,0
DA:29,1
LF:10
LH:8
BRDA:21,0,0,0
BRDA:21,0,1,1
BRDA:25,1,0,0
BRDA:25,1,1,1
BRF:4
BRH:2
end_of_record
TN:
SF:src\message\subscribe_update.ts
FN:16,(anonymous_0)
FN:22,(anonymous_1)
FN:30,(anonymous_2)
FN:38,(anonymous_3)
FNF:4
FNH:4
FNDA:2,(anonymous_0)
FNDA:2,(anonymous_1)
FNDA:1,(anonymous_2)
FNDA:1,(anonymous_3)
DA:2,6
DA:11,6
DA:17,2
DA:18,2
DA:19,2
DA:23,2
DA:31,1
DA:32,1
DA:33,1
DA:34,1
DA:35,1
DA:39,1
DA:40,1
DA:41,0
DA:43,1
DA:44,1
DA:45,0
DA:47,1
DA:48,1
DA:49,0
DA:51,1
DA:52,1
DA:53,0
DA:56,1
DA:57,0
DA:60,1
LF:26
LH:21
BRDA:17,0,0,2
BRDA:17,0,1,1
BRDA:18,1,0,2
BRDA:18,1,1,1
BRDA:19,2,0,2
BRDA:19,2,1,1
BRDA:40,3,0,0
BRDA:40,3,1,1
BRDA:44,4,0,0
BRDA:44,4,1,1
BRDA:48,5,0,0
BRDA:48,5,1,1
BRDA:52,6,0,0
BRDA:52,6,1,1
BRDA:56,7,0,0
BRDA:56,7,1,1
BRF:16
BRH:11
end_of_record
